{"/home/lluis/Projects/TrucoGame/server/src/game/TrucMatch.ts": {"path":"/home/lluis/Projects/TrucoGame/server/src/game/TrucMatch.ts","all":false,"statementMap":{"0":{"start":{"line":1,"column":0},"end":{"line":1,"column":67}},"1":{"start":{"line":2,"column":0},"end":{"line":2,"column":0}},"2":{"start":{"line":3,"column":0},"end":{"line":3,"column":8}},"3":{"start":{"line":4,"column":0},"end":{"line":4,"column":10}},"4":{"start":{"line":5,"column":0},"end":{"line":5,"column":8}},"5":{"start":{"line":6,"column":0},"end":{"line":6,"column":9}},"6":{"start":{"line":7,"column":0},"end":{"line":7,"column":11}},"7":{"start":{"line":8,"column":0},"end":{"line":8,"column":16}},"8":{"start":{"line":9,"column":0},"end":{"line":9,"column":12}},"9":{"start":{"line":10,"column":0},"end":{"line":10,"column":13}},"10":{"start":{"line":11,"column":0},"end":{"line":11,"column":9}},"11":{"start":{"line":12,"column":0},"end":{"line":12,"column":7}},"12":{"start":{"line":13,"column":0},"end":{"line":13,"column":7}},"13":{"start":{"line":14,"column":0},"end":{"line":14,"column":13}},"14":{"start":{"line":15,"column":0},"end":{"line":15,"column":17}},"15":{"start":{"line":16,"column":0},"end":{"line":16,"column":26}},"16":{"start":{"line":17,"column":0},"end":{"line":17,"column":0}},"17":{"start":{"line":18,"column":0},"end":{"line":18,"column":35}},"18":{"start":{"line":19,"column":0},"end":{"line":19,"column":54}},"19":{"start":{"line":20,"column":0},"end":{"line":20,"column":42}},"20":{"start":{"line":21,"column":0},"end":{"line":21,"column":58}},"21":{"start":{"line":22,"column":0},"end":{"line":22,"column":0}},"22":{"start":{"line":23,"column":0},"end":{"line":23,"column":3}},"23":{"start":{"line":24,"column":0},"end":{"line":24,"column":15}},"24":{"start":{"line":25,"column":0},"end":{"line":25,"column":37}},"25":{"start":{"line":26,"column":0},"end":{"line":26,"column":61}},"26":{"start":{"line":27,"column":0},"end":{"line":27,"column":2}},"27":{"start":{"line":28,"column":0},"end":{"line":28,"column":61}},"28":{"start":{"line":29,"column":0},"end":{"line":29,"column":2}},"29":{"start":{"line":30,"column":0},"end":{"line":30,"column":18}},"30":{"start":{"line":31,"column":0},"end":{"line":31,"column":56}},"31":{"start":{"line":32,"column":0},"end":{"line":32,"column":88}},"32":{"start":{"line":33,"column":0},"end":{"line":33,"column":106}},"33":{"start":{"line":34,"column":0},"end":{"line":34,"column":13}},"34":{"start":{"line":35,"column":0},"end":{"line":35,"column":2}},"35":{"start":{"line":36,"column":0},"end":{"line":36,"column":15}},"36":{"start":{"line":37,"column":0},"end":{"line":37,"column":39}},"37":{"start":{"line":38,"column":0},"end":{"line":38,"column":46}},"38":{"start":{"line":39,"column":0},"end":{"line":39,"column":71}},"39":{"start":{"line":40,"column":0},"end":{"line":40,"column":2}},"40":{"start":{"line":41,"column":0},"end":{"line":41,"column":56}},"41":{"start":{"line":42,"column":0},"end":{"line":42,"column":2}},"42":{"start":{"line":43,"column":0},"end":{"line":43,"column":56}},"43":{"start":{"line":44,"column":0},"end":{"line":44,"column":2}},"44":{"start":{"line":45,"column":0},"end":{"line":45,"column":102}},"45":{"start":{"line":46,"column":0},"end":{"line":46,"column":2}},"46":{"start":{"line":47,"column":0},"end":{"line":47,"column":72}},"47":{"start":{"line":48,"column":0},"end":{"line":48,"column":57}},"48":{"start":{"line":49,"column":0},"end":{"line":49,"column":2}},"49":{"start":{"line":50,"column":0},"end":{"line":50,"column":46}},"50":{"start":{"line":51,"column":0},"end":{"line":51,"column":2}},"51":{"start":{"line":52,"column":0},"end":{"line":52,"column":59}},"52":{"start":{"line":53,"column":0},"end":{"line":53,"column":105}},"53":{"start":{"line":54,"column":0},"end":{"line":54,"column":2}},"54":{"start":{"line":55,"column":0},"end":{"line":55,"column":69}},"55":{"start":{"line":56,"column":0},"end":{"line":56,"column":48}},"56":{"start":{"line":57,"column":0},"end":{"line":57,"column":8}},"57":{"start":{"line":58,"column":0},"end":{"line":58,"column":87}},"58":{"start":{"line":59,"column":0},"end":{"line":59,"column":2}},"59":{"start":{"line":60,"column":0},"end":{"line":60,"column":47}},"60":{"start":{"line":61,"column":0},"end":{"line":61,"column":2}},"61":{"start":{"line":62,"column":0},"end":{"line":62,"column":38}},"62":{"start":{"line":63,"column":0},"end":{"line":63,"column":2}},"63":{"start":{"line":64,"column":0},"end":{"line":64,"column":40}},"64":{"start":{"line":65,"column":0},"end":{"line":65,"column":2}},"65":{"start":{"line":66,"column":0},"end":{"line":66,"column":27}},"66":{"start":{"line":67,"column":0},"end":{"line":67,"column":3}},"67":{"start":{"line":68,"column":0},"end":{"line":68,"column":24}},"68":{"start":{"line":69,"column":0},"end":{"line":69,"column":38}},"69":{"start":{"line":70,"column":0},"end":{"line":70,"column":32}},"70":{"start":{"line":71,"column":0},"end":{"line":71,"column":0}},"71":{"start":{"line":72,"column":0},"end":{"line":72,"column":17}},"72":{"start":{"line":73,"column":0},"end":{"line":73,"column":22}},"73":{"start":{"line":74,"column":0},"end":{"line":74,"column":22}},"74":{"start":{"line":75,"column":0},"end":{"line":75,"column":0}},"75":{"start":{"line":76,"column":0},"end":{"line":76,"column":15}},"76":{"start":{"line":77,"column":0},"end":{"line":77,"column":58}},"77":{"start":{"line":78,"column":0},"end":{"line":78,"column":40}},"78":{"start":{"line":79,"column":0},"end":{"line":79,"column":0}},"79":{"start":{"line":80,"column":0},"end":{"line":80,"column":42}},"80":{"start":{"line":81,"column":0},"end":{"line":81,"column":0}},"81":{"start":{"line":82,"column":0},"end":{"line":82,"column":59}},"82":{"start":{"line":83,"column":0},"end":{"line":83,"column":29}},"83":{"start":{"line":84,"column":0},"end":{"line":84,"column":42}},"84":{"start":{"line":85,"column":0},"end":{"line":85,"column":40}},"85":{"start":{"line":86,"column":0},"end":{"line":86,"column":0}},"86":{"start":{"line":87,"column":0},"end":{"line":87,"column":47}},"87":{"start":{"line":88,"column":0},"end":{"line":88,"column":46}},"88":{"start":{"line":89,"column":0},"end":{"line":89,"column":0}},"89":{"start":{"line":90,"column":0},"end":{"line":90,"column":46}},"90":{"start":{"line":91,"column":0},"end":{"line":91,"column":43}},"91":{"start":{"line":92,"column":0},"end":{"line":92,"column":0}},"92":{"start":{"line":93,"column":0},"end":{"line":93,"column":98}},"93":{"start":{"line":94,"column":0},"end":{"line":94,"column":50}},"94":{"start":{"line":95,"column":0},"end":{"line":95,"column":0}},"95":{"start":{"line":96,"column":0},"end":{"line":96,"column":26}},"96":{"start":{"line":97,"column":0},"end":{"line":97,"column":0}},"97":{"start":{"line":98,"column":0},"end":{"line":98,"column":62}},"98":{"start":{"line":99,"column":0},"end":{"line":99,"column":55}},"99":{"start":{"line":100,"column":0},"end":{"line":100,"column":0}},"100":{"start":{"line":101,"column":0},"end":{"line":101,"column":34}},"101":{"start":{"line":102,"column":0},"end":{"line":102,"column":27}},"102":{"start":{"line":103,"column":0},"end":{"line":103,"column":0}},"103":{"start":{"line":104,"column":0},"end":{"line":104,"column":49}},"104":{"start":{"line":105,"column":0},"end":{"line":105,"column":30}},"105":{"start":{"line":106,"column":0},"end":{"line":106,"column":0}},"106":{"start":{"line":107,"column":0},"end":{"line":107,"column":32}},"107":{"start":{"line":108,"column":0},"end":{"line":108,"column":44}},"108":{"start":{"line":109,"column":0},"end":{"line":109,"column":0}},"109":{"start":{"line":110,"column":0},"end":{"line":110,"column":68}},"110":{"start":{"line":111,"column":0},"end":{"line":111,"column":32}},"111":{"start":{"line":112,"column":0},"end":{"line":112,"column":0}},"112":{"start":{"line":113,"column":0},"end":{"line":113,"column":10}},"113":{"start":{"line":114,"column":0},"end":{"line":114,"column":26}},"114":{"start":{"line":115,"column":0},"end":{"line":115,"column":13}},"115":{"start":{"line":116,"column":0},"end":{"line":116,"column":13}},"116":{"start":{"line":117,"column":0},"end":{"line":117,"column":4}},"117":{"start":{"line":118,"column":0},"end":{"line":118,"column":0}},"118":{"start":{"line":119,"column":0},"end":{"line":119,"column":14}},"119":{"start":{"line":120,"column":0},"end":{"line":120,"column":22}},"120":{"start":{"line":121,"column":0},"end":{"line":121,"column":34}},"121":{"start":{"line":122,"column":0},"end":{"line":122,"column":0}},"122":{"start":{"line":123,"column":0},"end":{"line":123,"column":26}},"123":{"start":{"line":124,"column":0},"end":{"line":124,"column":31}},"124":{"start":{"line":125,"column":0},"end":{"line":125,"column":0}},"125":{"start":{"line":126,"column":0},"end":{"line":126,"column":22}},"126":{"start":{"line":127,"column":0},"end":{"line":127,"column":59}},"127":{"start":{"line":128,"column":0},"end":{"line":128,"column":12}},"128":{"start":{"line":129,"column":0},"end":{"line":129,"column":12}},"129":{"start":{"line":130,"column":0},"end":{"line":130,"column":14}},"130":{"start":{"line":131,"column":0},"end":{"line":131,"column":13}},"131":{"start":{"line":132,"column":0},"end":{"line":132,"column":25}},"132":{"start":{"line":133,"column":0},"end":{"line":133,"column":4}},"133":{"start":{"line":134,"column":0},"end":{"line":134,"column":0}},"134":{"start":{"line":135,"column":0},"end":{"line":135,"column":121}},"135":{"start":{"line":136,"column":0},"end":{"line":136,"column":61}},"136":{"start":{"line":137,"column":0},"end":{"line":137,"column":12}},"137":{"start":{"line":138,"column":0},"end":{"line":138,"column":20}},"138":{"start":{"line":139,"column":0},"end":{"line":139,"column":13}},"139":{"start":{"line":140,"column":0},"end":{"line":140,"column":14}},"140":{"start":{"line":141,"column":0},"end":{"line":141,"column":13}},"141":{"start":{"line":142,"column":0},"end":{"line":142,"column":32}},"142":{"start":{"line":143,"column":0},"end":{"line":143,"column":4}},"143":{"start":{"line":144,"column":0},"end":{"line":144,"column":0}},"144":{"start":{"line":145,"column":0},"end":{"line":145,"column":48}},"145":{"start":{"line":146,"column":0},"end":{"line":146,"column":37}},"146":{"start":{"line":147,"column":0},"end":{"line":147,"column":78}},"147":{"start":{"line":148,"column":0},"end":{"line":148,"column":59}},"148":{"start":{"line":149,"column":0},"end":{"line":149,"column":64}},"149":{"start":{"line":150,"column":0},"end":{"line":150,"column":5}},"150":{"start":{"line":151,"column":0},"end":{"line":151,"column":0}},"151":{"start":{"line":152,"column":0},"end":{"line":152,"column":32}},"152":{"start":{"line":153,"column":0},"end":{"line":153,"column":49}},"153":{"start":{"line":154,"column":0},"end":{"line":154,"column":30}},"154":{"start":{"line":155,"column":0},"end":{"line":155,"column":32}},"155":{"start":{"line":156,"column":0},"end":{"line":156,"column":24}},"156":{"start":{"line":157,"column":0},"end":{"line":157,"column":18}},"157":{"start":{"line":158,"column":0},"end":{"line":158,"column":17}},"158":{"start":{"line":159,"column":0},"end":{"line":159,"column":8}},"159":{"start":{"line":160,"column":0},"end":{"line":160,"column":31}},"160":{"start":{"line":161,"column":0},"end":{"line":161,"column":5}},"161":{"start":{"line":162,"column":0},"end":{"line":162,"column":0}},"162":{"start":{"line":163,"column":0},"end":{"line":163,"column":19}},"163":{"start":{"line":164,"column":0},"end":{"line":164,"column":52}},"164":{"start":{"line":165,"column":0},"end":{"line":165,"column":52}},"165":{"start":{"line":166,"column":0},"end":{"line":166,"column":52}},"166":{"start":{"line":167,"column":0},"end":{"line":167,"column":0}},"167":{"start":{"line":168,"column":0},"end":{"line":168,"column":33}},"168":{"start":{"line":169,"column":0},"end":{"line":169,"column":24}},"169":{"start":{"line":170,"column":0},"end":{"line":170,"column":0}},"170":{"start":{"line":171,"column":0},"end":{"line":171,"column":60}},"171":{"start":{"line":172,"column":0},"end":{"line":172,"column":37}},"172":{"start":{"line":173,"column":0},"end":{"line":173,"column":70}},"173":{"start":{"line":174,"column":0},"end":{"line":174,"column":77}},"174":{"start":{"line":175,"column":0},"end":{"line":175,"column":73}},"175":{"start":{"line":176,"column":0},"end":{"line":176,"column":69}},"176":{"start":{"line":177,"column":0},"end":{"line":177,"column":6}},"177":{"start":{"line":178,"column":0},"end":{"line":178,"column":41}},"178":{"start":{"line":179,"column":0},"end":{"line":179,"column":43}},"179":{"start":{"line":180,"column":0},"end":{"line":180,"column":7}},"180":{"start":{"line":181,"column":0},"end":{"line":181,"column":0}},"181":{"start":{"line":182,"column":0},"end":{"line":182,"column":30}},"182":{"start":{"line":183,"column":0},"end":{"line":183,"column":32}},"183":{"start":{"line":184,"column":0},"end":{"line":184,"column":0}},"184":{"start":{"line":185,"column":0},"end":{"line":185,"column":97}},"185":{"start":{"line":186,"column":0},"end":{"line":186,"column":57}},"186":{"start":{"line":187,"column":0},"end":{"line":187,"column":64}},"187":{"start":{"line":188,"column":0},"end":{"line":188,"column":54}},"188":{"start":{"line":189,"column":0},"end":{"line":189,"column":78}},"189":{"start":{"line":190,"column":0},"end":{"line":190,"column":0}},"190":{"start":{"line":191,"column":0},"end":{"line":191,"column":79}},"191":{"start":{"line":192,"column":0},"end":{"line":192,"column":55}},"192":{"start":{"line":193,"column":0},"end":{"line":193,"column":0}},"193":{"start":{"line":194,"column":0},"end":{"line":194,"column":30}},"194":{"start":{"line":195,"column":0},"end":{"line":195,"column":31}},"195":{"start":{"line":196,"column":0},"end":{"line":196,"column":19}},"196":{"start":{"line":197,"column":0},"end":{"line":197,"column":50}},"197":{"start":{"line":198,"column":0},"end":{"line":198,"column":6}},"198":{"start":{"line":199,"column":0},"end":{"line":199,"column":0}},"199":{"start":{"line":200,"column":0},"end":{"line":200,"column":81}},"200":{"start":{"line":201,"column":0},"end":{"line":201,"column":56}},"201":{"start":{"line":202,"column":0},"end":{"line":202,"column":77}},"202":{"start":{"line":203,"column":0},"end":{"line":203,"column":51}},"203":{"start":{"line":204,"column":0},"end":{"line":204,"column":0}},"204":{"start":{"line":205,"column":0},"end":{"line":205,"column":134}},"205":{"start":{"line":206,"column":0},"end":{"line":206,"column":80}},"206":{"start":{"line":207,"column":0},"end":{"line":207,"column":74}},"207":{"start":{"line":208,"column":0},"end":{"line":208,"column":3}},"208":{"start":{"line":209,"column":0},"end":{"line":209,"column":0}},"209":{"start":{"line":210,"column":0},"end":{"line":210,"column":109}},"210":{"start":{"line":211,"column":0},"end":{"line":211,"column":47}},"211":{"start":{"line":212,"column":0},"end":{"line":212,"column":78}},"212":{"start":{"line":213,"column":0},"end":{"line":213,"column":79}},"213":{"start":{"line":214,"column":0},"end":{"line":214,"column":14}},"214":{"start":{"line":215,"column":0},"end":{"line":215,"column":20}},"215":{"start":{"line":216,"column":0},"end":{"line":216,"column":24}},"216":{"start":{"line":217,"column":0},"end":{"line":217,"column":24}},"217":{"start":{"line":218,"column":0},"end":{"line":218,"column":24}},"218":{"start":{"line":219,"column":0},"end":{"line":219,"column":28}},"219":{"start":{"line":220,"column":0},"end":{"line":220,"column":36}},"220":{"start":{"line":221,"column":0},"end":{"line":221,"column":32}},"221":{"start":{"line":222,"column":0},"end":{"line":222,"column":34}},"222":{"start":{"line":223,"column":0},"end":{"line":223,"column":20}},"223":{"start":{"line":224,"column":0},"end":{"line":224,"column":35}},"224":{"start":{"line":225,"column":0},"end":{"line":225,"column":36}},"225":{"start":{"line":226,"column":0},"end":{"line":226,"column":6}},"226":{"start":{"line":227,"column":0},"end":{"line":227,"column":18}},"227":{"start":{"line":228,"column":0},"end":{"line":228,"column":3}},"228":{"start":{"line":229,"column":0},"end":{"line":229,"column":0}},"229":{"start":{"line":230,"column":0},"end":{"line":230,"column":64}},"230":{"start":{"line":231,"column":0},"end":{"line":231,"column":152}},"231":{"start":{"line":232,"column":0},"end":{"line":232,"column":50}},"232":{"start":{"line":233,"column":0},"end":{"line":233,"column":23}},"233":{"start":{"line":234,"column":0},"end":{"line":234,"column":19}},"234":{"start":{"line":235,"column":0},"end":{"line":235,"column":47}},"235":{"start":{"line":236,"column":0},"end":{"line":236,"column":43}},"236":{"start":{"line":237,"column":0},"end":{"line":237,"column":102}},"237":{"start":{"line":238,"column":0},"end":{"line":238,"column":72}},"238":{"start":{"line":239,"column":0},"end":{"line":239,"column":57}},"239":{"start":{"line":240,"column":0},"end":{"line":240,"column":9}},"240":{"start":{"line":241,"column":0},"end":{"line":241,"column":0}},"241":{"start":{"line":242,"column":0},"end":{"line":242,"column":51}},"242":{"start":{"line":243,"column":0},"end":{"line":243,"column":12}},"243":{"start":{"line":244,"column":0},"end":{"line":244,"column":39}},"244":{"start":{"line":245,"column":0},"end":{"line":245,"column":62}},"245":{"start":{"line":246,"column":0},"end":{"line":246,"column":11}},"246":{"start":{"line":247,"column":0},"end":{"line":247,"column":62}},"247":{"start":{"line":248,"column":0},"end":{"line":248,"column":9}},"248":{"start":{"line":249,"column":0},"end":{"line":249,"column":0}},"249":{"start":{"line":250,"column":0},"end":{"line":250,"column":93}},"250":{"start":{"line":251,"column":0},"end":{"line":251,"column":59}},"251":{"start":{"line":252,"column":0},"end":{"line":252,"column":0}},"252":{"start":{"line":253,"column":0},"end":{"line":253,"column":11}},"253":{"start":{"line":254,"column":0},"end":{"line":254,"column":74}},"254":{"start":{"line":255,"column":0},"end":{"line":255,"column":11}},"255":{"start":{"line":256,"column":0},"end":{"line":256,"column":34}},"256":{"start":{"line":257,"column":0},"end":{"line":257,"column":108}},"257":{"start":{"line":258,"column":0},"end":{"line":258,"column":29}},"258":{"start":{"line":259,"column":0},"end":{"line":259,"column":24}},"259":{"start":{"line":260,"column":0},"end":{"line":260,"column":22}},"260":{"start":{"line":261,"column":0},"end":{"line":261,"column":38}},"261":{"start":{"line":262,"column":0},"end":{"line":262,"column":18}},"262":{"start":{"line":263,"column":0},"end":{"line":263,"column":23}},"263":{"start":{"line":264,"column":0},"end":{"line":264,"column":39}},"264":{"start":{"line":265,"column":0},"end":{"line":265,"column":18}},"265":{"start":{"line":266,"column":0},"end":{"line":266,"column":24}},"266":{"start":{"line":267,"column":0},"end":{"line":267,"column":38}},"267":{"start":{"line":268,"column":0},"end":{"line":268,"column":18}},"268":{"start":{"line":269,"column":0},"end":{"line":269,"column":23}},"269":{"start":{"line":270,"column":0},"end":{"line":270,"column":44}},"270":{"start":{"line":271,"column":0},"end":{"line":271,"column":18}},"271":{"start":{"line":272,"column":0},"end":{"line":272,"column":9}},"272":{"start":{"line":273,"column":0},"end":{"line":273,"column":0}},"273":{"start":{"line":274,"column":0},"end":{"line":274,"column":31}},"274":{"start":{"line":275,"column":0},"end":{"line":275,"column":0}},"275":{"start":{"line":276,"column":0},"end":{"line":276,"column":25}},"276":{"start":{"line":277,"column":0},"end":{"line":277,"column":68}},"277":{"start":{"line":278,"column":0},"end":{"line":278,"column":67}},"278":{"start":{"line":279,"column":0},"end":{"line":279,"column":70}},"279":{"start":{"line":280,"column":0},"end":{"line":280,"column":9}},"280":{"start":{"line":281,"column":0},"end":{"line":281,"column":0}},"281":{"start":{"line":282,"column":0},"end":{"line":282,"column":66}},"282":{"start":{"line":283,"column":0},"end":{"line":283,"column":41}},"283":{"start":{"line":284,"column":0},"end":{"line":284,"column":22}},"284":{"start":{"line":285,"column":0},"end":{"line":285,"column":9}},"285":{"start":{"line":286,"column":0},"end":{"line":286,"column":0}},"286":{"start":{"line":287,"column":0},"end":{"line":287,"column":77}},"287":{"start":{"line":288,"column":0},"end":{"line":288,"column":44}},"288":{"start":{"line":289,"column":0},"end":{"line":289,"column":0}},"289":{"start":{"line":290,"column":0},"end":{"line":290,"column":11}},"290":{"start":{"line":291,"column":0},"end":{"line":291,"column":64}},"291":{"start":{"line":292,"column":0},"end":{"line":292,"column":11}},"292":{"start":{"line":293,"column":0},"end":{"line":293,"column":42}},"293":{"start":{"line":294,"column":0},"end":{"line":294,"column":0}},"294":{"start":{"line":295,"column":0},"end":{"line":295,"column":31}},"295":{"start":{"line":296,"column":0},"end":{"line":296,"column":0}},"296":{"start":{"line":297,"column":0},"end":{"line":297,"column":26}},"297":{"start":{"line":298,"column":0},"end":{"line":298,"column":66}},"298":{"start":{"line":299,"column":0},"end":{"line":299,"column":41}},"299":{"start":{"line":300,"column":0},"end":{"line":300,"column":22}},"300":{"start":{"line":301,"column":0},"end":{"line":301,"column":9}},"301":{"start":{"line":302,"column":0},"end":{"line":302,"column":77}},"302":{"start":{"line":303,"column":0},"end":{"line":303,"column":44}},"303":{"start":{"line":304,"column":0},"end":{"line":304,"column":41}},"304":{"start":{"line":305,"column":0},"end":{"line":305,"column":36}},"305":{"start":{"line":306,"column":0},"end":{"line":306,"column":68}},"306":{"start":{"line":307,"column":0},"end":{"line":307,"column":67}},"307":{"start":{"line":308,"column":0},"end":{"line":308,"column":70}},"308":{"start":{"line":309,"column":0},"end":{"line":309,"column":9}},"309":{"start":{"line":310,"column":0},"end":{"line":310,"column":0}},"310":{"start":{"line":311,"column":0},"end":{"line":311,"column":34}},"311":{"start":{"line":312,"column":0},"end":{"line":312,"column":23}},"312":{"start":{"line":313,"column":0},"end":{"line":313,"column":71}},"313":{"start":{"line":314,"column":0},"end":{"line":314,"column":18}},"314":{"start":{"line":315,"column":0},"end":{"line":315,"column":24}},"315":{"start":{"line":316,"column":0},"end":{"line":316,"column":38}},"316":{"start":{"line":317,"column":0},"end":{"line":317,"column":18}},"317":{"start":{"line":318,"column":0},"end":{"line":318,"column":23}},"318":{"start":{"line":319,"column":0},"end":{"line":319,"column":39}},"319":{"start":{"line":320,"column":0},"end":{"line":320,"column":18}},"320":{"start":{"line":321,"column":0},"end":{"line":321,"column":29}},"321":{"start":{"line":322,"column":0},"end":{"line":322,"column":38}},"322":{"start":{"line":323,"column":0},"end":{"line":323,"column":18}},"323":{"start":{"line":324,"column":0},"end":{"line":324,"column":9}},"324":{"start":{"line":325,"column":0},"end":{"line":325,"column":0}},"325":{"start":{"line":326,"column":0},"end":{"line":326,"column":31}},"326":{"start":{"line":327,"column":0},"end":{"line":327,"column":0}},"327":{"start":{"line":328,"column":0},"end":{"line":328,"column":18}},"328":{"start":{"line":329,"column":0},"end":{"line":329,"column":47}},"329":{"start":{"line":330,"column":0},"end":{"line":330,"column":43}},"330":{"start":{"line":331,"column":0},"end":{"line":331,"column":99}},"331":{"start":{"line":332,"column":0},"end":{"line":332,"column":71}},"332":{"start":{"line":333,"column":0},"end":{"line":333,"column":56}},"333":{"start":{"line":334,"column":0},"end":{"line":334,"column":9}},"334":{"start":{"line":335,"column":0},"end":{"line":335,"column":0}},"335":{"start":{"line":336,"column":0},"end":{"line":336,"column":51}},"336":{"start":{"line":337,"column":0},"end":{"line":337,"column":12}},"337":{"start":{"line":338,"column":0},"end":{"line":338,"column":38}},"338":{"start":{"line":339,"column":0},"end":{"line":339,"column":61}},"339":{"start":{"line":340,"column":0},"end":{"line":340,"column":11}},"340":{"start":{"line":341,"column":0},"end":{"line":341,"column":61}},"341":{"start":{"line":342,"column":0},"end":{"line":342,"column":9}},"342":{"start":{"line":343,"column":0},"end":{"line":343,"column":0}},"343":{"start":{"line":344,"column":0},"end":{"line":344,"column":92}},"344":{"start":{"line":345,"column":0},"end":{"line":345,"column":58}},"345":{"start":{"line":346,"column":0},"end":{"line":346,"column":11}},"346":{"start":{"line":347,"column":0},"end":{"line":347,"column":71}},"347":{"start":{"line":348,"column":0},"end":{"line":348,"column":11}},"348":{"start":{"line":349,"column":0},"end":{"line":349,"column":33}},"349":{"start":{"line":350,"column":0},"end":{"line":350,"column":99}},"350":{"start":{"line":351,"column":0},"end":{"line":351,"column":22}},"351":{"start":{"line":352,"column":0},"end":{"line":352,"column":24}},"352":{"start":{"line":353,"column":0},"end":{"line":353,"column":22}},"353":{"start":{"line":354,"column":0},"end":{"line":354,"column":36}},"354":{"start":{"line":355,"column":0},"end":{"line":355,"column":18}},"355":{"start":{"line":356,"column":0},"end":{"line":356,"column":22}},"356":{"start":{"line":357,"column":0},"end":{"line":357,"column":38}},"357":{"start":{"line":358,"column":0},"end":{"line":358,"column":18}},"358":{"start":{"line":359,"column":0},"end":{"line":359,"column":24}},"359":{"start":{"line":360,"column":0},"end":{"line":360,"column":37}},"360":{"start":{"line":361,"column":0},"end":{"line":361,"column":18}},"361":{"start":{"line":362,"column":0},"end":{"line":362,"column":23}},"362":{"start":{"line":363,"column":0},"end":{"line":363,"column":36}},"363":{"start":{"line":364,"column":0},"end":{"line":364,"column":18}},"364":{"start":{"line":365,"column":0},"end":{"line":365,"column":9}},"365":{"start":{"line":366,"column":0},"end":{"line":366,"column":0}},"366":{"start":{"line":367,"column":0},"end":{"line":367,"column":30}},"367":{"start":{"line":368,"column":0},"end":{"line":368,"column":0}},"368":{"start":{"line":369,"column":0},"end":{"line":369,"column":24}},"369":{"start":{"line":370,"column":0},"end":{"line":370,"column":67}},"370":{"start":{"line":371,"column":0},"end":{"line":371,"column":66}},"371":{"start":{"line":372,"column":0},"end":{"line":372,"column":69}},"372":{"start":{"line":373,"column":0},"end":{"line":373,"column":9}},"373":{"start":{"line":374,"column":0},"end":{"line":374,"column":66}},"374":{"start":{"line":375,"column":0},"end":{"line":375,"column":40}},"375":{"start":{"line":376,"column":0},"end":{"line":376,"column":22}},"376":{"start":{"line":377,"column":0},"end":{"line":377,"column":9}},"377":{"start":{"line":378,"column":0},"end":{"line":378,"column":0}},"378":{"start":{"line":379,"column":0},"end":{"line":379,"column":77}},"379":{"start":{"line":380,"column":0},"end":{"line":380,"column":44}},"380":{"start":{"line":381,"column":0},"end":{"line":381,"column":0}},"381":{"start":{"line":382,"column":0},"end":{"line":382,"column":11}},"382":{"start":{"line":383,"column":0},"end":{"line":383,"column":61}},"383":{"start":{"line":384,"column":0},"end":{"line":384,"column":11}},"384":{"start":{"line":385,"column":0},"end":{"line":385,"column":40}},"385":{"start":{"line":386,"column":0},"end":{"line":386,"column":0}},"386":{"start":{"line":387,"column":0},"end":{"line":387,"column":30}},"387":{"start":{"line":388,"column":0},"end":{"line":388,"column":0}},"388":{"start":{"line":389,"column":0},"end":{"line":389,"column":23}},"389":{"start":{"line":390,"column":0},"end":{"line":390,"column":78}},"390":{"start":{"line":391,"column":0},"end":{"line":391,"column":71}},"391":{"start":{"line":392,"column":0},"end":{"line":392,"column":59}},"392":{"start":{"line":393,"column":0},"end":{"line":393,"column":9}},"393":{"start":{"line":394,"column":0},"end":{"line":394,"column":11}},"394":{"start":{"line":395,"column":0},"end":{"line":395,"column":76}},"395":{"start":{"line":396,"column":0},"end":{"line":396,"column":95}},"396":{"start":{"line":397,"column":0},"end":{"line":397,"column":75}},"397":{"start":{"line":398,"column":0},"end":{"line":398,"column":71}},"398":{"start":{"line":399,"column":0},"end":{"line":399,"column":11}},"399":{"start":{"line":400,"column":0},"end":{"line":400,"column":52}},"400":{"start":{"line":401,"column":0},"end":{"line":401,"column":23}},"401":{"start":{"line":402,"column":0},"end":{"line":402,"column":41}},"402":{"start":{"line":403,"column":0},"end":{"line":403,"column":0}},"403":{"start":{"line":404,"column":0},"end":{"line":404,"column":27}},"404":{"start":{"line":405,"column":0},"end":{"line":405,"column":30}},"405":{"start":{"line":406,"column":0},"end":{"line":406,"column":0}},"406":{"start":{"line":407,"column":0},"end":{"line":407,"column":56}},"407":{"start":{"line":408,"column":0},"end":{"line":408,"column":20}},"408":{"start":{"line":409,"column":0},"end":{"line":409,"column":5}},"409":{"start":{"line":410,"column":0},"end":{"line":410,"column":3}},"410":{"start":{"line":411,"column":0},"end":{"line":411,"column":0}},"411":{"start":{"line":412,"column":0},"end":{"line":412,"column":5}},"412":{"start":{"line":413,"column":0},"end":{"line":413,"column":56}},"413":{"start":{"line":414,"column":0},"end":{"line":414,"column":79}},"414":{"start":{"line":415,"column":0},"end":{"line":415,"column":18}},"415":{"start":{"line":416,"column":0},"end":{"line":416,"column":18}},"416":{"start":{"line":417,"column":0},"end":{"line":417,"column":13}},"417":{"start":{"line":418,"column":0},"end":{"line":418,"column":5}},"418":{"start":{"line":419,"column":0},"end":{"line":419,"column":46}},"419":{"start":{"line":420,"column":0},"end":{"line":420,"column":38}},"420":{"start":{"line":421,"column":0},"end":{"line":421,"column":78}},"421":{"start":{"line":422,"column":0},"end":{"line":422,"column":5}},"422":{"start":{"line":423,"column":0},"end":{"line":423,"column":0}},"423":{"start":{"line":424,"column":0},"end":{"line":424,"column":56}},"424":{"start":{"line":425,"column":0},"end":{"line":425,"column":22}},"425":{"start":{"line":426,"column":0},"end":{"line":426,"column":56}},"426":{"start":{"line":427,"column":0},"end":{"line":427,"column":5}},"427":{"start":{"line":428,"column":0},"end":{"line":428,"column":0}},"428":{"start":{"line":429,"column":0},"end":{"line":429,"column":38}},"429":{"start":{"line":430,"column":0},"end":{"line":430,"column":44}},"430":{"start":{"line":431,"column":0},"end":{"line":431,"column":5}},"431":{"start":{"line":432,"column":0},"end":{"line":432,"column":59}},"432":{"start":{"line":433,"column":0},"end":{"line":433,"column":39}},"433":{"start":{"line":434,"column":0},"end":{"line":434,"column":47}},"434":{"start":{"line":435,"column":0},"end":{"line":435,"column":6}},"435":{"start":{"line":436,"column":0},"end":{"line":436,"column":40}},"436":{"start":{"line":437,"column":0},"end":{"line":437,"column":0}},"437":{"start":{"line":438,"column":0},"end":{"line":438,"column":28}},"438":{"start":{"line":439,"column":0},"end":{"line":439,"column":27}},"439":{"start":{"line":440,"column":0},"end":{"line":440,"column":83}},"440":{"start":{"line":441,"column":0},"end":{"line":441,"column":37}},"441":{"start":{"line":442,"column":0},"end":{"line":442,"column":9}},"442":{"start":{"line":443,"column":0},"end":{"line":443,"column":63}},"443":{"start":{"line":444,"column":0},"end":{"line":444,"column":94}},"444":{"start":{"line":445,"column":0},"end":{"line":445,"column":54}},"445":{"start":{"line":446,"column":0},"end":{"line":446,"column":9}},"446":{"start":{"line":447,"column":0},"end":{"line":447,"column":43}},"447":{"start":{"line":448,"column":0},"end":{"line":448,"column":46}},"448":{"start":{"line":449,"column":0},"end":{"line":449,"column":8}},"449":{"start":{"line":450,"column":0},"end":{"line":450,"column":59}},"450":{"start":{"line":451,"column":0},"end":{"line":451,"column":23}},"451":{"start":{"line":452,"column":0},"end":{"line":452,"column":42}},"452":{"start":{"line":453,"column":0},"end":{"line":453,"column":0}},"453":{"start":{"line":454,"column":0},"end":{"line":454,"column":70}},"454":{"start":{"line":455,"column":0},"end":{"line":455,"column":75}},"455":{"start":{"line":456,"column":0},"end":{"line":456,"column":7}},"456":{"start":{"line":457,"column":0},"end":{"line":457,"column":5}},"457":{"start":{"line":458,"column":0},"end":{"line":458,"column":0}},"458":{"start":{"line":459,"column":0},"end":{"line":459,"column":99}},"459":{"start":{"line":460,"column":0},"end":{"line":460,"column":96}},"460":{"start":{"line":461,"column":0},"end":{"line":461,"column":3}},"461":{"start":{"line":462,"column":0},"end":{"line":462,"column":0}},"462":{"start":{"line":463,"column":0},"end":{"line":463,"column":5}},"463":{"start":{"line":464,"column":0},"end":{"line":464,"column":31}},"464":{"start":{"line":465,"column":0},"end":{"line":465,"column":40}},"465":{"start":{"line":466,"column":0},"end":{"line":466,"column":46}},"466":{"start":{"line":467,"column":0},"end":{"line":467,"column":5}},"467":{"start":{"line":468,"column":0},"end":{"line":468,"column":32}},"468":{"start":{"line":469,"column":0},"end":{"line":469,"column":55}},"469":{"start":{"line":470,"column":0},"end":{"line":470,"column":26}},"470":{"start":{"line":471,"column":0},"end":{"line":471,"column":41}},"471":{"start":{"line":472,"column":0},"end":{"line":472,"column":30}},"472":{"start":{"line":473,"column":0},"end":{"line":473,"column":5}},"473":{"start":{"line":474,"column":0},"end":{"line":474,"column":27}},"474":{"start":{"line":475,"column":0},"end":{"line":475,"column":3}},"475":{"start":{"line":476,"column":0},"end":{"line":476,"column":0}},"476":{"start":{"line":477,"column":0},"end":{"line":477,"column":5}},"477":{"start":{"line":478,"column":0},"end":{"line":478,"column":89}},"478":{"start":{"line":479,"column":0},"end":{"line":479,"column":18}},"479":{"start":{"line":480,"column":0},"end":{"line":480,"column":15}},"480":{"start":{"line":481,"column":0},"end":{"line":481,"column":13}},"481":{"start":{"line":482,"column":0},"end":{"line":482,"column":5}},"482":{"start":{"line":483,"column":0},"end":{"line":483,"column":74}},"483":{"start":{"line":484,"column":0},"end":{"line":484,"column":39}},"484":{"start":{"line":485,"column":0},"end":{"line":485,"column":3}},"485":{"start":{"line":486,"column":0},"end":{"line":486,"column":0}},"486":{"start":{"line":487,"column":0},"end":{"line":487,"column":5}},"487":{"start":{"line":488,"column":0},"end":{"line":488,"column":114}},"488":{"start":{"line":489,"column":0},"end":{"line":489,"column":19}},"489":{"start":{"line":490,"column":0},"end":{"line":490,"column":4}},"490":{"start":{"line":491,"column":0},"end":{"line":491,"column":23}},"491":{"start":{"line":492,"column":0},"end":{"line":492,"column":124}},"492":{"start":{"line":493,"column":0},"end":{"line":493,"column":63}},"493":{"start":{"line":494,"column":0},"end":{"line":494,"column":46}},"494":{"start":{"line":495,"column":0},"end":{"line":495,"column":4}},"495":{"start":{"line":496,"column":0},"end":{"line":496,"column":67}},"496":{"start":{"line":497,"column":0},"end":{"line":497,"column":4}},"497":{"start":{"line":498,"column":0},"end":{"line":498,"column":4}},"498":{"start":{"line":499,"column":0},"end":{"line":499,"column":33}},"499":{"start":{"line":500,"column":0},"end":{"line":500,"column":85}},"500":{"start":{"line":501,"column":0},"end":{"line":501,"column":102}},"501":{"start":{"line":502,"column":0},"end":{"line":502,"column":24}},"502":{"start":{"line":503,"column":0},"end":{"line":503,"column":5}},"503":{"start":{"line":504,"column":0},"end":{"line":504,"column":31}},"504":{"start":{"line":505,"column":0},"end":{"line":505,"column":60}},"505":{"start":{"line":506,"column":0},"end":{"line":506,"column":59}},"506":{"start":{"line":507,"column":0},"end":{"line":507,"column":25}},"507":{"start":{"line":508,"column":0},"end":{"line":508,"column":22}},"508":{"start":{"line":509,"column":0},"end":{"line":509,"column":5}},"509":{"start":{"line":510,"column":0},"end":{"line":510,"column":0}},"510":{"start":{"line":511,"column":0},"end":{"line":511,"column":90}},"511":{"start":{"line":512,"column":0},"end":{"line":512,"column":43}},"512":{"start":{"line":513,"column":0},"end":{"line":513,"column":95}},"513":{"start":{"line":514,"column":0},"end":{"line":514,"column":24}},"514":{"start":{"line":515,"column":0},"end":{"line":515,"column":31}},"515":{"start":{"line":516,"column":0},"end":{"line":516,"column":14}},"516":{"start":{"line":517,"column":0},"end":{"line":517,"column":95}},"517":{"start":{"line":518,"column":0},"end":{"line":518,"column":73}},"518":{"start":{"line":519,"column":0},"end":{"line":519,"column":29}},"519":{"start":{"line":520,"column":0},"end":{"line":520,"column":79}},"520":{"start":{"line":521,"column":0},"end":{"line":521,"column":52}},"521":{"start":{"line":522,"column":0},"end":{"line":522,"column":9}},"522":{"start":{"line":523,"column":0},"end":{"line":523,"column":7}},"523":{"start":{"line":524,"column":0},"end":{"line":524,"column":5}},"524":{"start":{"line":525,"column":0},"end":{"line":525,"column":0}},"525":{"start":{"line":526,"column":0},"end":{"line":526,"column":86}},"526":{"start":{"line":527,"column":0},"end":{"line":527,"column":75}},"527":{"start":{"line":528,"column":0},"end":{"line":528,"column":30}},"528":{"start":{"line":529,"column":0},"end":{"line":529,"column":5}},"529":{"start":{"line":530,"column":0},"end":{"line":530,"column":0}},"530":{"start":{"line":531,"column":0},"end":{"line":531,"column":106}},"531":{"start":{"line":532,"column":0},"end":{"line":532,"column":116}},"532":{"start":{"line":533,"column":0},"end":{"line":533,"column":34}},"533":{"start":{"line":534,"column":0},"end":{"line":534,"column":34}},"534":{"start":{"line":535,"column":0},"end":{"line":535,"column":19}},"535":{"start":{"line":536,"column":0},"end":{"line":536,"column":56}},"536":{"start":{"line":537,"column":0},"end":{"line":537,"column":9}},"537":{"start":{"line":538,"column":0},"end":{"line":538,"column":0}},"538":{"start":{"line":539,"column":0},"end":{"line":539,"column":27}},"539":{"start":{"line":540,"column":0},"end":{"line":540,"column":18}},"540":{"start":{"line":541,"column":0},"end":{"line":541,"column":43}},"541":{"start":{"line":542,"column":0},"end":{"line":542,"column":3}},"542":{"start":{"line":543,"column":0},"end":{"line":543,"column":0}},"543":{"start":{"line":544,"column":0},"end":{"line":544,"column":28}},"544":{"start":{"line":545,"column":0},"end":{"line":545,"column":67}},"545":{"start":{"line":546,"column":0},"end":{"line":546,"column":42}},"546":{"start":{"line":547,"column":0},"end":{"line":547,"column":43}},"547":{"start":{"line":548,"column":0},"end":{"line":548,"column":22}},"548":{"start":{"line":549,"column":0},"end":{"line":549,"column":97}},"549":{"start":{"line":550,"column":0},"end":{"line":550,"column":5}},"550":{"start":{"line":551,"column":0},"end":{"line":551,"column":49}},"551":{"start":{"line":552,"column":0},"end":{"line":552,"column":25}},"552":{"start":{"line":553,"column":0},"end":{"line":553,"column":44}},"553":{"start":{"line":554,"column":0},"end":{"line":554,"column":26}},"554":{"start":{"line":555,"column":0},"end":{"line":555,"column":29}},"555":{"start":{"line":556,"column":0},"end":{"line":556,"column":28}},"556":{"start":{"line":557,"column":0},"end":{"line":557,"column":24}},"557":{"start":{"line":558,"column":0},"end":{"line":558,"column":32}},"558":{"start":{"line":559,"column":0},"end":{"line":559,"column":0}},"559":{"start":{"line":560,"column":0},"end":{"line":560,"column":78}},"560":{"start":{"line":561,"column":0},"end":{"line":561,"column":43}},"561":{"start":{"line":562,"column":0},"end":{"line":562,"column":55}},"562":{"start":{"line":563,"column":0},"end":{"line":563,"column":87}},"563":{"start":{"line":564,"column":0},"end":{"line":564,"column":75}},"564":{"start":{"line":565,"column":0},"end":{"line":565,"column":23}},"565":{"start":{"line":566,"column":0},"end":{"line":566,"column":31}},"566":{"start":{"line":567,"column":0},"end":{"line":567,"column":19}},"567":{"start":{"line":568,"column":0},"end":{"line":568,"column":50}},"568":{"start":{"line":569,"column":0},"end":{"line":569,"column":6}},"569":{"start":{"line":570,"column":0},"end":{"line":570,"column":26}},"570":{"start":{"line":571,"column":0},"end":{"line":571,"column":51}},"571":{"start":{"line":572,"column":0},"end":{"line":572,"column":0}},"572":{"start":{"line":573,"column":0},"end":{"line":573,"column":25}},"573":{"start":{"line":574,"column":0},"end":{"line":574,"column":48}},"574":{"start":{"line":575,"column":0},"end":{"line":575,"column":3}},"575":{"start":{"line":576,"column":0},"end":{"line":576,"column":0}},"576":{"start":{"line":577,"column":0},"end":{"line":577,"column":5}},"577":{"start":{"line":578,"column":0},"end":{"line":578,"column":40}},"578":{"start":{"line":579,"column":0},"end":{"line":579,"column":61}},"579":{"start":{"line":580,"column":0},"end":{"line":580,"column":57}},"580":{"start":{"line":581,"column":0},"end":{"line":581,"column":4}},"581":{"start":{"line":582,"column":0},"end":{"line":582,"column":9}},"582":{"start":{"line":583,"column":0},"end":{"line":583,"column":69}},"583":{"start":{"line":584,"column":0},"end":{"line":584,"column":65}},"584":{"start":{"line":585,"column":0},"end":{"line":585,"column":89}},"585":{"start":{"line":586,"column":0},"end":{"line":586,"column":52}},"586":{"start":{"line":587,"column":0},"end":{"line":587,"column":4}},"587":{"start":{"line":588,"column":0},"end":{"line":588,"column":69}},"588":{"start":{"line":589,"column":0},"end":{"line":589,"column":4}},"589":{"start":{"line":590,"column":0},"end":{"line":590,"column":75}},"590":{"start":{"line":591,"column":0},"end":{"line":591,"column":4}},"591":{"start":{"line":592,"column":0},"end":{"line":592,"column":4}},"592":{"start":{"line":593,"column":0},"end":{"line":593,"column":102}},"593":{"start":{"line":594,"column":0},"end":{"line":594,"column":120}},"594":{"start":{"line":595,"column":0},"end":{"line":595,"column":18}},"595":{"start":{"line":596,"column":0},"end":{"line":596,"column":4}},"596":{"start":{"line":597,"column":0},"end":{"line":597,"column":10}},"597":{"start":{"line":598,"column":0},"end":{"line":598,"column":106}},"598":{"start":{"line":599,"column":0},"end":{"line":599,"column":75}},"599":{"start":{"line":600,"column":0},"end":{"line":600,"column":74}},"600":{"start":{"line":601,"column":0},"end":{"line":601,"column":5}},"601":{"start":{"line":602,"column":0},"end":{"line":602,"column":52}},"602":{"start":{"line":603,"column":0},"end":{"line":603,"column":22}},"603":{"start":{"line":604,"column":0},"end":{"line":604,"column":45}},"604":{"start":{"line":605,"column":0},"end":{"line":605,"column":39}},"605":{"start":{"line":606,"column":0},"end":{"line":606,"column":7}},"606":{"start":{"line":607,"column":0},"end":{"line":607,"column":21}},"607":{"start":{"line":608,"column":0},"end":{"line":608,"column":75}},"608":{"start":{"line":609,"column":0},"end":{"line":609,"column":7}},"609":{"start":{"line":610,"column":0},"end":{"line":610,"column":41}},"610":{"start":{"line":611,"column":0},"end":{"line":611,"column":103}},"611":{"start":{"line":612,"column":0},"end":{"line":612,"column":5}},"612":{"start":{"line":613,"column":0},"end":{"line":613,"column":0}},"613":{"start":{"line":614,"column":0},"end":{"line":614,"column":7}},"614":{"start":{"line":615,"column":0},"end":{"line":615,"column":21}},"615":{"start":{"line":616,"column":0},"end":{"line":616,"column":67}},"616":{"start":{"line":617,"column":0},"end":{"line":617,"column":7}},"617":{"start":{"line":618,"column":0},"end":{"line":618,"column":60}},"618":{"start":{"line":619,"column":0},"end":{"line":619,"column":103}},"619":{"start":{"line":620,"column":0},"end":{"line":620,"column":5}},"620":{"start":{"line":621,"column":0},"end":{"line":621,"column":0}},"621":{"start":{"line":622,"column":0},"end":{"line":622,"column":7}},"622":{"start":{"line":623,"column":0},"end":{"line":623,"column":40}},"623":{"start":{"line":624,"column":0},"end":{"line":624,"column":86}},"624":{"start":{"line":625,"column":0},"end":{"line":625,"column":111}},"625":{"start":{"line":626,"column":0},"end":{"line":626,"column":7}},"626":{"start":{"line":627,"column":0},"end":{"line":627,"column":8}},"627":{"start":{"line":628,"column":0},"end":{"line":628,"column":40}},"628":{"start":{"line":629,"column":0},"end":{"line":629,"column":49}},"629":{"start":{"line":630,"column":0},"end":{"line":630,"column":7}},"630":{"start":{"line":631,"column":0},"end":{"line":631,"column":103}},"631":{"start":{"line":632,"column":0},"end":{"line":632,"column":5}},"632":{"start":{"line":633,"column":0},"end":{"line":633,"column":0}},"633":{"start":{"line":634,"column":0},"end":{"line":634,"column":60}},"634":{"start":{"line":635,"column":0},"end":{"line":635,"column":34}},"635":{"start":{"line":636,"column":0},"end":{"line":636,"column":30}},"636":{"start":{"line":637,"column":0},"end":{"line":637,"column":58}},"637":{"start":{"line":638,"column":0},"end":{"line":638,"column":37}},"638":{"start":{"line":639,"column":0},"end":{"line":639,"column":15}},"639":{"start":{"line":640,"column":0},"end":{"line":640,"column":0}},"640":{"start":{"line":641,"column":0},"end":{"line":641,"column":58}},"641":{"start":{"line":642,"column":0},"end":{"line":642,"column":37}},"642":{"start":{"line":643,"column":0},"end":{"line":643,"column":15}},"643":{"start":{"line":644,"column":0},"end":{"line":644,"column":0}},"644":{"start":{"line":645,"column":0},"end":{"line":645,"column":54}},"645":{"start":{"line":646,"column":0},"end":{"line":646,"column":32}},"646":{"start":{"line":647,"column":0},"end":{"line":647,"column":61}},"647":{"start":{"line":648,"column":0},"end":{"line":648,"column":32}},"648":{"start":{"line":649,"column":0},"end":{"line":649,"column":14}},"649":{"start":{"line":650,"column":0},"end":{"line":650,"column":11}},"650":{"start":{"line":651,"column":0},"end":{"line":651,"column":82}},"651":{"start":{"line":652,"column":0},"end":{"line":652,"column":118}},"652":{"start":{"line":653,"column":0},"end":{"line":653,"column":119}},"653":{"start":{"line":654,"column":0},"end":{"line":654,"column":11}},"654":{"start":{"line":655,"column":0},"end":{"line":655,"column":38}},"655":{"start":{"line":656,"column":0},"end":{"line":656,"column":51}},"656":{"start":{"line":657,"column":0},"end":{"line":657,"column":16}},"657":{"start":{"line":658,"column":0},"end":{"line":658,"column":13}},"658":{"start":{"line":659,"column":0},"end":{"line":659,"column":97}},"659":{"start":{"line":660,"column":0},"end":{"line":660,"column":71}},"660":{"start":{"line":661,"column":0},"end":{"line":661,"column":100}},"661":{"start":{"line":662,"column":0},"end":{"line":662,"column":110}},"662":{"start":{"line":663,"column":0},"end":{"line":663,"column":13}},"663":{"start":{"line":664,"column":0},"end":{"line":664,"column":62}},"664":{"start":{"line":665,"column":0},"end":{"line":665,"column":9}},"665":{"start":{"line":666,"column":0},"end":{"line":666,"column":7}},"666":{"start":{"line":667,"column":0},"end":{"line":667,"column":5}},"667":{"start":{"line":668,"column":0},"end":{"line":668,"column":0}},"668":{"start":{"line":669,"column":0},"end":{"line":669,"column":54}},"669":{"start":{"line":670,"column":0},"end":{"line":670,"column":35}},"670":{"start":{"line":671,"column":0},"end":{"line":671,"column":75}},"671":{"start":{"line":672,"column":0},"end":{"line":672,"column":38}},"672":{"start":{"line":673,"column":0},"end":{"line":673,"column":114}},"673":{"start":{"line":674,"column":0},"end":{"line":674,"column":18}},"674":{"start":{"line":675,"column":0},"end":{"line":675,"column":76}},"675":{"start":{"line":676,"column":0},"end":{"line":676,"column":5}},"676":{"start":{"line":677,"column":0},"end":{"line":677,"column":20}},"677":{"start":{"line":678,"column":0},"end":{"line":678,"column":102}},"678":{"start":{"line":679,"column":0},"end":{"line":679,"column":71}},"679":{"start":{"line":680,"column":0},"end":{"line":680,"column":0}},"680":{"start":{"line":681,"column":0},"end":{"line":681,"column":36}},"681":{"start":{"line":682,"column":0},"end":{"line":682,"column":62}},"682":{"start":{"line":683,"column":0},"end":{"line":683,"column":36}},"683":{"start":{"line":684,"column":0},"end":{"line":684,"column":55}},"684":{"start":{"line":685,"column":0},"end":{"line":685,"column":12}},"685":{"start":{"line":686,"column":0},"end":{"line":686,"column":55}},"686":{"start":{"line":687,"column":0},"end":{"line":687,"column":5}},"687":{"start":{"line":688,"column":0},"end":{"line":688,"column":0}},"688":{"start":{"line":689,"column":0},"end":{"line":689,"column":7}},"689":{"start":{"line":690,"column":0},"end":{"line":690,"column":37}},"690":{"start":{"line":691,"column":0},"end":{"line":691,"column":7}},"691":{"start":{"line":692,"column":0},"end":{"line":692,"column":28}},"692":{"start":{"line":693,"column":0},"end":{"line":693,"column":3}},"693":{"start":{"line":694,"column":0},"end":{"line":694,"column":0}},"694":{"start":{"line":695,"column":0},"end":{"line":695,"column":5}},"695":{"start":{"line":696,"column":0},"end":{"line":696,"column":117}},"696":{"start":{"line":697,"column":0},"end":{"line":697,"column":15}},"697":{"start":{"line":698,"column":0},"end":{"line":698,"column":42}},"698":{"start":{"line":699,"column":0},"end":{"line":699,"column":5}},"699":{"start":{"line":700,"column":0},"end":{"line":700,"column":57}},"700":{"start":{"line":701,"column":0},"end":{"line":701,"column":35}},"701":{"start":{"line":702,"column":0},"end":{"line":702,"column":30}},"702":{"start":{"line":703,"column":0},"end":{"line":703,"column":21}},"703":{"start":{"line":704,"column":0},"end":{"line":704,"column":5}},"704":{"start":{"line":705,"column":0},"end":{"line":705,"column":0}},"705":{"start":{"line":706,"column":0},"end":{"line":706,"column":31}},"706":{"start":{"line":707,"column":0},"end":{"line":707,"column":0}},"707":{"start":{"line":708,"column":0},"end":{"line":708,"column":63}},"708":{"start":{"line":709,"column":0},"end":{"line":709,"column":36}},"709":{"start":{"line":710,"column":0},"end":{"line":710,"column":55}},"710":{"start":{"line":711,"column":0},"end":{"line":711,"column":5}},"711":{"start":{"line":712,"column":0},"end":{"line":712,"column":0}},"712":{"start":{"line":713,"column":0},"end":{"line":713,"column":68}},"713":{"start":{"line":714,"column":0},"end":{"line":714,"column":17}},"714":{"start":{"line":715,"column":0},"end":{"line":715,"column":9}},"715":{"start":{"line":716,"column":0},"end":{"line":716,"column":6}},"716":{"start":{"line":717,"column":0},"end":{"line":717,"column":68}},"717":{"start":{"line":718,"column":0},"end":{"line":718,"column":17}},"718":{"start":{"line":719,"column":0},"end":{"line":719,"column":9}},"719":{"start":{"line":720,"column":0},"end":{"line":720,"column":6}},"720":{"start":{"line":721,"column":0},"end":{"line":721,"column":0}},"721":{"start":{"line":722,"column":0},"end":{"line":722,"column":55}},"722":{"start":{"line":723,"column":0},"end":{"line":723,"column":72}},"723":{"start":{"line":724,"column":0},"end":{"line":724,"column":85}},"724":{"start":{"line":725,"column":0},"end":{"line":725,"column":42}},"725":{"start":{"line":726,"column":0},"end":{"line":726,"column":47}},"726":{"start":{"line":727,"column":0},"end":{"line":727,"column":77}},"727":{"start":{"line":728,"column":0},"end":{"line":728,"column":65}},"728":{"start":{"line":729,"column":0},"end":{"line":729,"column":12}},"729":{"start":{"line":730,"column":0},"end":{"line":730,"column":65}},"730":{"start":{"line":731,"column":0},"end":{"line":731,"column":5}},"731":{"start":{"line":732,"column":0},"end":{"line":732,"column":0}},"732":{"start":{"line":733,"column":0},"end":{"line":733,"column":71}},"733":{"start":{"line":734,"column":0},"end":{"line":734,"column":21}},"734":{"start":{"line":735,"column":0},"end":{"line":735,"column":43}},"735":{"start":{"line":736,"column":0},"end":{"line":736,"column":12}},"736":{"start":{"line":737,"column":0},"end":{"line":737,"column":68}},"737":{"start":{"line":738,"column":0},"end":{"line":738,"column":5}},"738":{"start":{"line":739,"column":0},"end":{"line":739,"column":0}},"739":{"start":{"line":740,"column":0},"end":{"line":740,"column":24}},"740":{"start":{"line":741,"column":0},"end":{"line":741,"column":18}},"741":{"start":{"line":742,"column":0},"end":{"line":742,"column":3}},"742":{"start":{"line":743,"column":0},"end":{"line":743,"column":0}},"743":{"start":{"line":744,"column":0},"end":{"line":744,"column":5}},"744":{"start":{"line":745,"column":0},"end":{"line":745,"column":28}},"745":{"start":{"line":746,"column":0},"end":{"line":746,"column":5}},"746":{"start":{"line":747,"column":0},"end":{"line":747,"column":34}},"747":{"start":{"line":748,"column":0},"end":{"line":748,"column":40}},"748":{"start":{"line":749,"column":0},"end":{"line":749,"column":55}},"749":{"start":{"line":750,"column":0},"end":{"line":750,"column":5}},"750":{"start":{"line":751,"column":0},"end":{"line":751,"column":3}},"751":{"start":{"line":752,"column":0},"end":{"line":752,"column":0}},"752":{"start":{"line":753,"column":0},"end":{"line":753,"column":5}},"753":{"start":{"line":754,"column":0},"end":{"line":754,"column":48}},"754":{"start":{"line":755,"column":0},"end":{"line":755,"column":36}},"755":{"start":{"line":756,"column":0},"end":{"line":756,"column":108}},"756":{"start":{"line":757,"column":0},"end":{"line":757,"column":71}},"757":{"start":{"line":758,"column":0},"end":{"line":758,"column":18}},"758":{"start":{"line":759,"column":0},"end":{"line":759,"column":25}},"759":{"start":{"line":760,"column":0},"end":{"line":760,"column":5}},"760":{"start":{"line":761,"column":0},"end":{"line":761,"column":48}},"761":{"start":{"line":762,"column":0},"end":{"line":762,"column":7}},"762":{"start":{"line":763,"column":0},"end":{"line":763,"column":19}},"763":{"start":{"line":764,"column":0},"end":{"line":764,"column":45}},"764":{"start":{"line":765,"column":0},"end":{"line":765,"column":85}},"765":{"start":{"line":766,"column":0},"end":{"line":766,"column":27}},"766":{"start":{"line":767,"column":0},"end":{"line":767,"column":22}},"767":{"start":{"line":768,"column":0},"end":{"line":768,"column":7}},"768":{"start":{"line":769,"column":0},"end":{"line":769,"column":58}},"769":{"start":{"line":770,"column":0},"end":{"line":770,"column":25}},"770":{"start":{"line":771,"column":0},"end":{"line":771,"column":39}},"771":{"start":{"line":772,"column":0},"end":{"line":772,"column":39}},"772":{"start":{"line":773,"column":0},"end":{"line":773,"column":32}},"773":{"start":{"line":774,"column":0},"end":{"line":774,"column":7}},"774":{"start":{"line":775,"column":0},"end":{"line":775,"column":60}},"775":{"start":{"line":776,"column":0},"end":{"line":776,"column":62}},"776":{"start":{"line":777,"column":0},"end":{"line":777,"column":37}},"777":{"start":{"line":778,"column":0},"end":{"line":778,"column":0}},"778":{"start":{"line":779,"column":0},"end":{"line":779,"column":61}},"779":{"start":{"line":780,"column":0},"end":{"line":780,"column":0}},"780":{"start":{"line":781,"column":0},"end":{"line":781,"column":54}},"781":{"start":{"line":782,"column":0},"end":{"line":782,"column":6}},"782":{"start":{"line":783,"column":0},"end":{"line":783,"column":0}},"783":{"start":{"line":784,"column":0},"end":{"line":784,"column":54}},"784":{"start":{"line":785,"column":0},"end":{"line":785,"column":70}},"785":{"start":{"line":786,"column":0},"end":{"line":786,"column":0}},"786":{"start":{"line":787,"column":0},"end":{"line":787,"column":30}},"787":{"start":{"line":788,"column":0},"end":{"line":788,"column":20}},"788":{"start":{"line":789,"column":0},"end":{"line":789,"column":28}},"789":{"start":{"line":790,"column":0},"end":{"line":790,"column":5}},"790":{"start":{"line":791,"column":0},"end":{"line":791,"column":0}},"791":{"start":{"line":792,"column":0},"end":{"line":792,"column":55}},"792":{"start":{"line":793,"column":0},"end":{"line":793,"column":0}},"793":{"start":{"line":794,"column":0},"end":{"line":794,"column":44}},"794":{"start":{"line":795,"column":0},"end":{"line":795,"column":40}},"795":{"start":{"line":796,"column":0},"end":{"line":796,"column":50}},"796":{"start":{"line":797,"column":0},"end":{"line":797,"column":27}},"797":{"start":{"line":798,"column":0},"end":{"line":798,"column":11}},"798":{"start":{"line":799,"column":0},"end":{"line":799,"column":100}},"799":{"start":{"line":800,"column":0},"end":{"line":800,"column":81}},"800":{"start":{"line":801,"column":0},"end":{"line":801,"column":11}},"801":{"start":{"line":802,"column":0},"end":{"line":802,"column":71}},"802":{"start":{"line":803,"column":0},"end":{"line":803,"column":56}},"803":{"start":{"line":804,"column":0},"end":{"line":804,"column":78}},"804":{"start":{"line":805,"column":0},"end":{"line":805,"column":32}},"805":{"start":{"line":806,"column":0},"end":{"line":806,"column":33}},"806":{"start":{"line":807,"column":0},"end":{"line":807,"column":46}},"807":{"start":{"line":808,"column":0},"end":{"line":808,"column":11}},"808":{"start":{"line":809,"column":0},"end":{"line":809,"column":14}},"809":{"start":{"line":810,"column":0},"end":{"line":810,"column":32}},"810":{"start":{"line":811,"column":0},"end":{"line":811,"column":36}},"811":{"start":{"line":812,"column":0},"end":{"line":812,"column":44}},"812":{"start":{"line":813,"column":0},"end":{"line":813,"column":11}},"813":{"start":{"line":814,"column":0},"end":{"line":814,"column":7}},"814":{"start":{"line":815,"column":0},"end":{"line":815,"column":0}},"815":{"start":{"line":816,"column":0},"end":{"line":816,"column":9}},"816":{"start":{"line":817,"column":0},"end":{"line":817,"column":107}},"817":{"start":{"line":818,"column":0},"end":{"line":818,"column":167}},"818":{"start":{"line":819,"column":0},"end":{"line":819,"column":139}},"819":{"start":{"line":820,"column":0},"end":{"line":820,"column":25}},"820":{"start":{"line":821,"column":0},"end":{"line":821,"column":9}},"821":{"start":{"line":822,"column":0},"end":{"line":822,"column":42}},"822":{"start":{"line":823,"column":0},"end":{"line":823,"column":56}},"823":{"start":{"line":824,"column":0},"end":{"line":824,"column":99}},"824":{"start":{"line":825,"column":0},"end":{"line":825,"column":38}},"825":{"start":{"line":826,"column":0},"end":{"line":826,"column":69}},"826":{"start":{"line":827,"column":0},"end":{"line":827,"column":33}},"827":{"start":{"line":828,"column":0},"end":{"line":828,"column":19}},"828":{"start":{"line":829,"column":0},"end":{"line":829,"column":44}},"829":{"start":{"line":830,"column":0},"end":{"line":830,"column":11}},"830":{"start":{"line":831,"column":0},"end":{"line":831,"column":7}},"831":{"start":{"line":832,"column":0},"end":{"line":832,"column":113}},"832":{"start":{"line":833,"column":0},"end":{"line":833,"column":50}},"833":{"start":{"line":834,"column":0},"end":{"line":834,"column":56}},"834":{"start":{"line":835,"column":0},"end":{"line":835,"column":77}},"835":{"start":{"line":836,"column":0},"end":{"line":836,"column":59}},"836":{"start":{"line":837,"column":0},"end":{"line":837,"column":57}},"837":{"start":{"line":838,"column":0},"end":{"line":838,"column":35}},"838":{"start":{"line":839,"column":0},"end":{"line":839,"column":10}},"839":{"start":{"line":840,"column":0},"end":{"line":840,"column":33}},"840":{"start":{"line":841,"column":0},"end":{"line":841,"column":36}},"841":{"start":{"line":842,"column":0},"end":{"line":842,"column":49}},"842":{"start":{"line":843,"column":0},"end":{"line":843,"column":11}},"843":{"start":{"line":844,"column":0},"end":{"line":844,"column":7}},"844":{"start":{"line":845,"column":0},"end":{"line":845,"column":5}},"845":{"start":{"line":846,"column":0},"end":{"line":846,"column":0}},"846":{"start":{"line":847,"column":0},"end":{"line":847,"column":7}},"847":{"start":{"line":848,"column":0},"end":{"line":848,"column":93}},"848":{"start":{"line":849,"column":0},"end":{"line":849,"column":57}},"849":{"start":{"line":850,"column":0},"end":{"line":850,"column":7}},"850":{"start":{"line":851,"column":0},"end":{"line":851,"column":30}},"851":{"start":{"line":852,"column":0},"end":{"line":852,"column":44}},"852":{"start":{"line":853,"column":0},"end":{"line":853,"column":42}},"853":{"start":{"line":854,"column":0},"end":{"line":854,"column":40}},"854":{"start":{"line":855,"column":0},"end":{"line":855,"column":40}},"855":{"start":{"line":856,"column":0},"end":{"line":856,"column":27}},"856":{"start":{"line":857,"column":0},"end":{"line":857,"column":72}},"857":{"start":{"line":858,"column":0},"end":{"line":858,"column":14}},"858":{"start":{"line":859,"column":0},"end":{"line":859,"column":27}},"859":{"start":{"line":860,"column":0},"end":{"line":860,"column":74}},"860":{"start":{"line":861,"column":0},"end":{"line":861,"column":7}},"861":{"start":{"line":862,"column":0},"end":{"line":862,"column":5}},"862":{"start":{"line":863,"column":0},"end":{"line":863,"column":0}},"863":{"start":{"line":864,"column":0},"end":{"line":864,"column":29}},"864":{"start":{"line":865,"column":0},"end":{"line":865,"column":3}},"865":{"start":{"line":866,"column":0},"end":{"line":866,"column":0}},"866":{"start":{"line":867,"column":0},"end":{"line":867,"column":5}},"867":{"start":{"line":868,"column":0},"end":{"line":868,"column":77}},"868":{"start":{"line":869,"column":0},"end":{"line":869,"column":27}},"869":{"start":{"line":870,"column":0},"end":{"line":870,"column":5}},"870":{"start":{"line":871,"column":0},"end":{"line":871,"column":25}},"871":{"start":{"line":872,"column":0},"end":{"line":872,"column":46}},"872":{"start":{"line":873,"column":0},"end":{"line":873,"column":24}},"873":{"start":{"line":874,"column":0},"end":{"line":874,"column":5}},"874":{"start":{"line":875,"column":0},"end":{"line":875,"column":46}},"875":{"start":{"line":876,"column":0},"end":{"line":876,"column":24}},"876":{"start":{"line":877,"column":0},"end":{"line":877,"column":5}},"877":{"start":{"line":878,"column":0},"end":{"line":878,"column":17}},"878":{"start":{"line":879,"column":0},"end":{"line":879,"column":3}},"879":{"start":{"line":880,"column":0},"end":{"line":880,"column":0}},"880":{"start":{"line":881,"column":0},"end":{"line":881,"column":5}},"881":{"start":{"line":882,"column":0},"end":{"line":882,"column":73}},"882":{"start":{"line":883,"column":0},"end":{"line":883,"column":18}},"883":{"start":{"line":884,"column":0},"end":{"line":884,"column":16}},"884":{"start":{"line":885,"column":0},"end":{"line":885,"column":13}},"885":{"start":{"line":886,"column":0},"end":{"line":886,"column":5}},"886":{"start":{"line":887,"column":0},"end":{"line":887,"column":57}},"887":{"start":{"line":888,"column":0},"end":{"line":888,"column":69}},"888":{"start":{"line":889,"column":0},"end":{"line":889,"column":3}},"889":{"start":{"line":890,"column":0},"end":{"line":890,"column":0}},"890":{"start":{"line":891,"column":0},"end":{"line":891,"column":99}},"891":{"start":{"line":892,"column":0},"end":{"line":892,"column":50}},"892":{"start":{"line":893,"column":0},"end":{"line":893,"column":75}},"893":{"start":{"line":894,"column":0},"end":{"line":894,"column":3}},"894":{"start":{"line":895,"column":0},"end":{"line":895,"column":0}},"895":{"start":{"line":896,"column":0},"end":{"line":896,"column":51}},"896":{"start":{"line":897,"column":0},"end":{"line":897,"column":30}},"897":{"start":{"line":898,"column":0},"end":{"line":898,"column":37}},"898":{"start":{"line":899,"column":0},"end":{"line":899,"column":3}},"899":{"start":{"line":900,"column":0},"end":{"line":900,"column":0}},"900":{"start":{"line":901,"column":0},"end":{"line":901,"column":39}},"901":{"start":{"line":902,"column":0},"end":{"line":902,"column":60}},"902":{"start":{"line":903,"column":0},"end":{"line":903,"column":3}},"903":{"start":{"line":904,"column":0},"end":{"line":904,"column":0}},"904":{"start":{"line":905,"column":0},"end":{"line":905,"column":40}},"905":{"start":{"line":906,"column":0},"end":{"line":906,"column":74}},"906":{"start":{"line":907,"column":0},"end":{"line":907,"column":3}},"907":{"start":{"line":908,"column":0},"end":{"line":908,"column":0}},"908":{"start":{"line":909,"column":0},"end":{"line":909,"column":26}},"909":{"start":{"line":910,"column":0},"end":{"line":910,"column":20}},"910":{"start":{"line":911,"column":0},"end":{"line":911,"column":44}},"911":{"start":{"line":912,"column":0},"end":{"line":912,"column":0}},"912":{"start":{"line":913,"column":0},"end":{"line":913,"column":40}},"913":{"start":{"line":914,"column":0},"end":{"line":914,"column":36}},"914":{"start":{"line":915,"column":0},"end":{"line":915,"column":0}},"915":{"start":{"line":916,"column":0},"end":{"line":916,"column":29}},"916":{"start":{"line":917,"column":0},"end":{"line":917,"column":40}},"917":{"start":{"line":918,"column":0},"end":{"line":918,"column":36}},"918":{"start":{"line":919,"column":0},"end":{"line":919,"column":46}},"919":{"start":{"line":920,"column":0},"end":{"line":920,"column":7}},"920":{"start":{"line":921,"column":0},"end":{"line":921,"column":33}},"921":{"start":{"line":922,"column":0},"end":{"line":922,"column":23}},"922":{"start":{"line":923,"column":0},"end":{"line":923,"column":5}},"923":{"start":{"line":924,"column":0},"end":{"line":924,"column":3}},"924":{"start":{"line":925,"column":0},"end":{"line":925,"column":0}},"925":{"start":{"line":926,"column":0},"end":{"line":926,"column":59}},"926":{"start":{"line":927,"column":0},"end":{"line":927,"column":55}},"927":{"start":{"line":928,"column":0},"end":{"line":928,"column":3}},"928":{"start":{"line":929,"column":0},"end":{"line":929,"column":0}},"929":{"start":{"line":930,"column":0},"end":{"line":930,"column":78}},"930":{"start":{"line":931,"column":0},"end":{"line":931,"column":5}},"931":{"start":{"line":932,"column":0},"end":{"line":932,"column":75}},"932":{"start":{"line":933,"column":0},"end":{"line":933,"column":46}},"933":{"start":{"line":934,"column":0},"end":{"line":934,"column":5}},"934":{"start":{"line":935,"column":0},"end":{"line":935,"column":30}},"935":{"start":{"line":936,"column":0},"end":{"line":936,"column":28}},"936":{"start":{"line":937,"column":0},"end":{"line":937,"column":20}},"937":{"start":{"line":938,"column":0},"end":{"line":938,"column":23}},"938":{"start":{"line":939,"column":0},"end":{"line":939,"column":20}},"939":{"start":{"line":940,"column":0},"end":{"line":940,"column":5}},"940":{"start":{"line":941,"column":0},"end":{"line":941,"column":0}},"941":{"start":{"line":942,"column":0},"end":{"line":942,"column":34}},"942":{"start":{"line":943,"column":0},"end":{"line":943,"column":37}},"943":{"start":{"line":944,"column":0},"end":{"line":944,"column":13}},"944":{"start":{"line":945,"column":0},"end":{"line":945,"column":5}},"945":{"start":{"line":946,"column":0},"end":{"line":946,"column":0}},"946":{"start":{"line":947,"column":0},"end":{"line":947,"column":65}},"947":{"start":{"line":948,"column":0},"end":{"line":948,"column":31}},"948":{"start":{"line":949,"column":0},"end":{"line":949,"column":32}},"949":{"start":{"line":950,"column":0},"end":{"line":950,"column":76}},"950":{"start":{"line":951,"column":0},"end":{"line":951,"column":59}},"951":{"start":{"line":952,"column":0},"end":{"line":952,"column":13}},"952":{"start":{"line":953,"column":0},"end":{"line":953,"column":5}},"953":{"start":{"line":954,"column":0},"end":{"line":954,"column":0}},"954":{"start":{"line":955,"column":0},"end":{"line":955,"column":43}},"955":{"start":{"line":956,"column":0},"end":{"line":956,"column":15}},"956":{"start":{"line":957,"column":0},"end":{"line":957,"column":18}},"957":{"start":{"line":958,"column":0},"end":{"line":958,"column":37}},"958":{"start":{"line":959,"column":0},"end":{"line":959,"column":6}},"959":{"start":{"line":960,"column":0},"end":{"line":960,"column":38}},"960":{"start":{"line":961,"column":0},"end":{"line":961,"column":51}},"961":{"start":{"line":962,"column":0},"end":{"line":962,"column":47}},"962":{"start":{"line":963,"column":0},"end":{"line":963,"column":87}},"963":{"start":{"line":964,"column":0},"end":{"line":964,"column":39}},"964":{"start":{"line":965,"column":0},"end":{"line":965,"column":47}},"965":{"start":{"line":966,"column":0},"end":{"line":966,"column":7}},"966":{"start":{"line":967,"column":0},"end":{"line":967,"column":101}},"967":{"start":{"line":968,"column":0},"end":{"line":968,"column":45}},"968":{"start":{"line":969,"column":0},"end":{"line":969,"column":5}},"969":{"start":{"line":970,"column":0},"end":{"line":970,"column":83}},"970":{"start":{"line":971,"column":0},"end":{"line":971,"column":47}},"971":{"start":{"line":972,"column":0},"end":{"line":972,"column":31}},"972":{"start":{"line":973,"column":0},"end":{"line":973,"column":76}},"973":{"start":{"line":974,"column":0},"end":{"line":974,"column":36}},"974":{"start":{"line":975,"column":0},"end":{"line":975,"column":15}},"975":{"start":{"line":976,"column":0},"end":{"line":976,"column":20}},"976":{"start":{"line":977,"column":0},"end":{"line":977,"column":5}},"977":{"start":{"line":978,"column":0},"end":{"line":978,"column":0}},"978":{"start":{"line":979,"column":0},"end":{"line":979,"column":43}},"979":{"start":{"line":980,"column":0},"end":{"line":980,"column":15}},"980":{"start":{"line":981,"column":0},"end":{"line":981,"column":18}},"981":{"start":{"line":982,"column":0},"end":{"line":982,"column":37}},"982":{"start":{"line":983,"column":0},"end":{"line":983,"column":6}},"983":{"start":{"line":984,"column":0},"end":{"line":984,"column":38}},"984":{"start":{"line":985,"column":0},"end":{"line":985,"column":51}},"985":{"start":{"line":986,"column":0},"end":{"line":986,"column":47}},"986":{"start":{"line":987,"column":0},"end":{"line":987,"column":87}},"987":{"start":{"line":988,"column":0},"end":{"line":988,"column":39}},"988":{"start":{"line":989,"column":0},"end":{"line":989,"column":47}},"989":{"start":{"line":990,"column":0},"end":{"line":990,"column":7}},"990":{"start":{"line":991,"column":0},"end":{"line":991,"column":101}},"991":{"start":{"line":992,"column":0},"end":{"line":992,"column":45}},"992":{"start":{"line":993,"column":0},"end":{"line":993,"column":5}},"993":{"start":{"line":994,"column":0},"end":{"line":994,"column":85}},"994":{"start":{"line":995,"column":0},"end":{"line":995,"column":47}},"995":{"start":{"line":996,"column":0},"end":{"line":996,"column":31}},"996":{"start":{"line":997,"column":0},"end":{"line":997,"column":76}},"997":{"start":{"line":998,"column":0},"end":{"line":998,"column":36}},"998":{"start":{"line":999,"column":0},"end":{"line":999,"column":15}},"999":{"start":{"line":1000,"column":0},"end":{"line":1000,"column":20}},"1000":{"start":{"line":1001,"column":0},"end":{"line":1001,"column":5}},"1001":{"start":{"line":1002,"column":0},"end":{"line":1002,"column":0}},"1002":{"start":{"line":1003,"column":0},"end":{"line":1003,"column":40}},"1003":{"start":{"line":1004,"column":0},"end":{"line":1004,"column":60}},"1004":{"start":{"line":1005,"column":0},"end":{"line":1005,"column":58}},"1005":{"start":{"line":1006,"column":0},"end":{"line":1006,"column":67}},"1006":{"start":{"line":1007,"column":0},"end":{"line":1007,"column":59}},"1007":{"start":{"line":1008,"column":0},"end":{"line":1008,"column":12}},"1008":{"start":{"line":1009,"column":0},"end":{"line":1009,"column":59}},"1009":{"start":{"line":1010,"column":0},"end":{"line":1010,"column":62}},"1010":{"start":{"line":1011,"column":0},"end":{"line":1011,"column":61}},"1011":{"start":{"line":1012,"column":0},"end":{"line":1012,"column":14}},"1012":{"start":{"line":1013,"column":0},"end":{"line":1013,"column":61}},"1013":{"start":{"line":1014,"column":0},"end":{"line":1014,"column":7}},"1014":{"start":{"line":1015,"column":0},"end":{"line":1015,"column":5}},"1015":{"start":{"line":1016,"column":0},"end":{"line":1016,"column":3}},"1016":{"start":{"line":1017,"column":0},"end":{"line":1017,"column":0}},"1017":{"start":{"line":1018,"column":0},"end":{"line":1018,"column":79}},"1018":{"start":{"line":1019,"column":0},"end":{"line":1019,"column":58}},"1019":{"start":{"line":1020,"column":0},"end":{"line":1020,"column":61}},"1020":{"start":{"line":1021,"column":0},"end":{"line":1021,"column":36}},"1021":{"start":{"line":1022,"column":0},"end":{"line":1022,"column":64}},"1022":{"start":{"line":1023,"column":0},"end":{"line":1023,"column":15}},"1023":{"start":{"line":1024,"column":0},"end":{"line":1024,"column":11}},"1024":{"start":{"line":1025,"column":0},"end":{"line":1025,"column":18}},"1025":{"start":{"line":1026,"column":0},"end":{"line":1026,"column":0}},"1026":{"start":{"line":1027,"column":0},"end":{"line":1027,"column":63}},"1027":{"start":{"line":1028,"column":0},"end":{"line":1028,"column":29}},"1028":{"start":{"line":1029,"column":0},"end":{"line":1029,"column":8}},"1029":{"start":{"line":1030,"column":0},"end":{"line":1030,"column":34}},"1030":{"start":{"line":1031,"column":0},"end":{"line":1031,"column":69}},"1031":{"start":{"line":1032,"column":0},"end":{"line":1032,"column":14}},"1032":{"start":{"line":1033,"column":0},"end":{"line":1033,"column":42}},"1033":{"start":{"line":1034,"column":0},"end":{"line":1034,"column":7}},"1034":{"start":{"line":1035,"column":0},"end":{"line":1035,"column":5}},"1035":{"start":{"line":1036,"column":0},"end":{"line":1036,"column":0}},"1036":{"start":{"line":1037,"column":0},"end":{"line":1037,"column":72}},"1037":{"start":{"line":1038,"column":0},"end":{"line":1038,"column":0}},"1038":{"start":{"line":1039,"column":0},"end":{"line":1039,"column":80}},"1039":{"start":{"line":1040,"column":0},"end":{"line":1040,"column":35}},"1040":{"start":{"line":1041,"column":0},"end":{"line":1041,"column":52}},"1041":{"start":{"line":1042,"column":0},"end":{"line":1042,"column":0}},"1042":{"start":{"line":1043,"column":0},"end":{"line":1043,"column":43}},"1043":{"start":{"line":1044,"column":0},"end":{"line":1044,"column":21}},"1044":{"start":{"line":1045,"column":0},"end":{"line":1045,"column":24}},"1045":{"start":{"line":1046,"column":0},"end":{"line":1046,"column":5}},"1046":{"start":{"line":1047,"column":0},"end":{"line":1047,"column":0}},"1047":{"start":{"line":1048,"column":0},"end":{"line":1048,"column":63}},"1048":{"start":{"line":1049,"column":0},"end":{"line":1049,"column":64}},"1049":{"start":{"line":1050,"column":0},"end":{"line":1050,"column":45}},"1050":{"start":{"line":1051,"column":0},"end":{"line":1051,"column":33}},"1051":{"start":{"line":1052,"column":0},"end":{"line":1052,"column":76}},"1052":{"start":{"line":1053,"column":0},"end":{"line":1053,"column":34}},"1053":{"start":{"line":1054,"column":0},"end":{"line":1054,"column":14}},"1054":{"start":{"line":1055,"column":0},"end":{"line":1055,"column":20}},"1055":{"start":{"line":1056,"column":0},"end":{"line":1056,"column":12}},"1056":{"start":{"line":1057,"column":0},"end":{"line":1057,"column":61}},"1057":{"start":{"line":1058,"column":0},"end":{"line":1058,"column":5}},"1058":{"start":{"line":1059,"column":0},"end":{"line":1059,"column":0}},"1059":{"start":{"line":1060,"column":0},"end":{"line":1060,"column":51}},"1060":{"start":{"line":1061,"column":0},"end":{"line":1061,"column":0}},"1061":{"start":{"line":1062,"column":0},"end":{"line":1062,"column":30}},"1062":{"start":{"line":1063,"column":0},"end":{"line":1063,"column":3}},"1063":{"start":{"line":1064,"column":0},"end":{"line":1064,"column":1}}},"s":{"0":1,"1":1,"2":1,"3":1,"4":1,"5":1,"6":1,"7":1,"8":1,"9":1,"10":1,"11":1,"12":1,"13":1,"14":1,"15":1,"16":1,"17":1,"18":1,"19":1,"20":1,"21":1,"22":1,"23":1,"24":1,"25":1,"26":1,"27":1,"28":1,"29":1,"30":1,"31":1,"32":1,"33":1,"34":1,"35":1,"36":1,"37":1,"38":1,"39":1,"40":1,"41":1,"42":1,"43":1,"44":1,"45":1,"46":1,"47":1,"48":1,"49":1,"50":1,"51":1,"52":1,"53":1,"54":1,"55":1,"56":1,"57":1,"58":1,"59":1,"60":1,"61":1,"62":1,"63":1,"64":1,"65":1,"66":1,"67":1,"68":1,"69":1,"70":1,"71":1,"72":1,"73":1,"74":1,"75":1,"76":1,"77":1,"78":1,"79":1,"80":1,"81":1,"82":1,"83":1,"84":1,"85":1,"86":1,"87":1,"88":1,"89":1,"90":1,"91":1,"92":1,"93":1,"94":1,"95":1,"96":1,"97":1,"98":1,"99":1,"100":1,"101":1,"102":1,"103":1,"104":1,"105":1,"106":1,"107":1,"108":1,"109":1,"110":1,"111":1,"112":1,"113":1,"114":1,"115":1,"116":1,"117":1,"118":1,"119":1,"120":1,"121":1,"122":1,"123":1,"124":1,"125":1,"126":1,"127":1,"128":1,"129":1,"130":1,"131":1,"132":1,"133":1,"134":1,"135":1,"136":1,"137":1,"138":1,"139":1,"140":1,"141":1,"142":1,"143":1,"144":1,"145":1,"146":1,"147":1,"148":0,"149":0,"150":1,"151":1,"152":1,"153":4,"154":4,"155":4,"156":4,"157":4,"158":4,"159":4,"160":4,"161":1,"162":1,"163":1,"164":1,"165":1,"166":1,"167":1,"168":1,"169":1,"170":1,"171":1,"172":1,"173":1,"174":1,"175":1,"176":1,"177":1,"178":4,"179":1,"180":1,"181":1,"182":1,"183":1,"184":1,"185":1,"186":1,"187":1,"188":1,"189":1,"190":1,"191":1,"192":1,"193":1,"194":1,"195":1,"196":1,"197":1,"198":1,"199":1,"200":1,"201":1,"202":1,"203":1,"204":1,"205":1,"206":1,"207":1,"208":1,"209":1,"210":1,"211":1,"212":1,"213":1,"214":2,"215":2,"216":2,"217":2,"218":2,"219":2,"220":2,"221":2,"222":2,"223":2,"224":2,"225":2,"226":2,"227":2,"228":1,"229":1,"230":1,"231":1,"232":0,"233":0,"234":0,"235":0,"236":0,"237":0,"238":0,"239":0,"240":0,"241":0,"242":0,"243":0,"244":0,"245":0,"246":0,"247":0,"248":0,"249":0,"250":0,"251":0,"252":0,"253":0,"254":0,"255":0,"256":0,"257":0,"258":0,"259":0,"260":0,"261":0,"262":0,"263":0,"264":0,"265":0,"266":0,"267":0,"268":0,"269":0,"270":0,"271":0,"272":0,"273":0,"274":0,"275":0,"276":0,"277":0,"278":0,"279":0,"280":0,"281":0,"282":0,"283":0,"284":0,"285":0,"286":0,"287":0,"288":0,"289":0,"290":0,"291":0,"292":0,"293":0,"294":0,"295":0,"296":0,"297":0,"298":0,"299":0,"300":0,"301":0,"302":0,"303":0,"304":0,"305":0,"306":0,"307":0,"308":0,"309":0,"310":0,"311":0,"312":0,"313":0,"314":0,"315":0,"316":0,"317":0,"318":0,"319":0,"320":0,"321":0,"322":0,"323":0,"324":0,"325":0,"326":0,"327":0,"328":0,"329":0,"330":0,"331":0,"332":0,"333":0,"334":0,"335":0,"336":0,"337":0,"338":0,"339":0,"340":0,"341":0,"342":0,"343":0,"344":0,"345":0,"346":0,"347":0,"348":0,"349":0,"350":0,"351":0,"352":0,"353":0,"354":0,"355":0,"356":0,"357":0,"358":0,"359":0,"360":0,"361":0,"362":0,"363":0,"364":0,"365":0,"366":0,"367":0,"368":0,"369":0,"370":0,"371":0,"372":0,"373":0,"374":0,"375":0,"376":0,"377":0,"378":0,"379":0,"380":0,"381":0,"382":0,"383":0,"384":0,"385":0,"386":0,"387":0,"388":0,"389":0,"390":0,"391":0,"392":0,"393":0,"394":0,"395":0,"396":0,"397":0,"398":0,"399":0,"400":0,"401":0,"402":0,"403":0,"404":0,"405":0,"406":0,"407":0,"408":0,"409":0,"410":1,"411":1,"412":1,"413":1,"414":1,"415":1,"416":1,"417":1,"418":1,"419":1,"420":0,"421":0,"422":1,"423":1,"424":1,"425":0,"426":0,"427":1,"428":1,"429":0,"430":0,"431":1,"432":1,"433":1,"434":1,"435":1,"436":1,"437":1,"438":1,"439":1,"440":1,"441":0,"442":0,"443":0,"444":0,"445":0,"446":0,"447":0,"448":0,"449":0,"450":0,"451":0,"452":0,"453":0,"454":0,"455":0,"456":0,"457":1,"458":1,"459":1,"460":1,"461":1,"462":1,"463":1,"464":1,"465":1,"466":1,"467":1,"468":1,"469":1,"470":1,"471":1,"472":1,"473":0,"474":0,"475":1,"476":1,"477":1,"478":1,"479":1,"480":1,"481":1,"482":1,"483":0,"484":0,"485":1,"486":1,"487":1,"488":1,"489":1,"490":1,"491":1,"492":1,"493":1,"494":1,"495":1,"496":1,"497":1,"498":1,"499":1,"500":1,"501":1,"502":1,"503":1,"504":1,"505":0,"506":0,"507":0,"508":0,"509":0,"510":0,"511":0,"512":0,"513":0,"514":0,"515":0,"516":0,"517":0,"518":0,"519":0,"520":0,"521":0,"522":0,"523":0,"524":0,"525":0,"526":0,"527":0,"528":0,"529":0,"530":0,"531":0,"532":0,"533":0,"534":0,"535":0,"536":0,"537":0,"538":0,"539":0,"540":0,"541":0,"542":1,"543":1,"544":0,"545":0,"546":0,"547":0,"548":0,"549":0,"550":0,"551":0,"552":0,"553":0,"554":0,"555":0,"556":0,"557":0,"558":0,"559":0,"560":0,"561":0,"562":0,"563":0,"564":0,"565":0,"566":0,"567":0,"568":0,"569":0,"570":0,"571":0,"572":0,"573":0,"574":0,"575":1,"576":1,"577":1,"578":1,"579":1,"580":1,"581":1,"582":1,"583":1,"584":1,"585":1,"586":1,"587":1,"588":1,"589":1,"590":1,"591":1,"592":1,"593":1,"594":1,"595":1,"596":1,"597":1,"598":1,"599":1,"600
[...]
":0},"end":{"line":6,"column":42}},"6":{"start":{"line":7,"column":0},"end":{"line":7,"column":57}},"7":{"start":{"line":8,"column":0},"end":{"line":8,"column":35}},"8":{"start":{"line":9,"column":0},"end":{"line":9,"column":27}},"9":{"start":{"line":10,"column":0},"end":{"line":10,"column":52}},"10":{"start":{"line":11,"column":0},"end":{"line":11,"column":3}},"11":{"start":{"line":12,"column":0},"end":{"line":12,"column":0}},"12":{"start":{"line":13,"column":0},"end":{"line":13,"column":23}},"13":{"start":{"line":14,"column":0},"end":{"line":14,"column":87}},"14":{"start":{"line":15,"column":0},"end":{"line":15,"column":38}},"15":{"start":{"line":16,"column":0},"end":{"line":16,"column":36}},"16":{"start":{"line":17,"column":0},"end":{"line":17,"column":29}},"17":{"start":{"line":18,"column":0},"end":{"line":18,"column":24}},"18":{"start":{"line":19,"column":0},"end":{"line":19,"column":3}},"19":{"start":{"line":20,"column":0},"end":{"line":20,"column":0}},"20":{"start":{"line":21,"column":0},"end":{"line":21,"column":28}},"21":{"start":{"line":22,"column":0},"end":{"line":22,"column":40}},"22":{"start":{"line":23,"column":0},"end":{"line":23,"column":3}},"23":{"start":{"line":24,"column":0},"end":{"line":24,"column":0}},"24":{"start":{"line":25,"column":0},"end":{"line":25,"column":24}},"25":{"start":{"line":26,"column":0},"end":{"line":26,"column":42}},"26":{"start":{"line":27,"column":0},"end":{"line":27,"column":66}},"27":{"start":{"line":28,"column":0},"end":{"line":28,"column":53}},"28":{"start":{"line":29,"column":0},"end":{"line":29,"column":31}},"29":{"start":{"line":30,"column":0},"end":{"line":30,"column":3}},"30":{"start":{"line":31,"column":0},"end":{"line":31,"column":1}}},"s":{"0":1,"1":1,"2":1,"3":1,"4":1,"5":1,"6":1,"7":1,"8":1,"9":1,"10":1,"11":1,"12":1,"13":1,"14":1,"15":1,"16":1,"17":1,"18":1,"19":1,"20":1,"21":1,"22":1,"23":1,"24":1,"25":1,"26":0,"27":0,"28":0,"29":0,"30":1},"branchMap":{"0":{"type":"branch","line":7,"loc":{"start":{"line":7,"column":2},"end":{"line":11,"column":3}},"locations":[{"start":{"line":7,"column":2},"end":{"line":11,"column":3}}]},"1":{"type":"branch","line":13,"loc":{"start":{"line":13,"column":2},"end":{"line":19,"column":3}},"locations":[{"start":{"line":13,"column":2},"end":{"line":19,"column":3}}]},"2":{"type":"branch","line":21,"loc":{"start":{"line":21,"column":2},"end":{"line":23,"column":3}},"locations":[{"start":{"line":21,"column":2},"end":{"line":23,"column":3}}]}},"b":{"0":[1],"1":[1],"2":[1]},"fnMap":{"0":{"name":"InfiniteQueue","decl":{"start":{"line":7,"column":2},"end":{"line":11,"column":3}},"loc":{"start":{"line":7,"column":2},"end":{"line":11,"column":3}},"line":7},"1":{"name":"getPlayer","decl":{"start":{"line":13,"column":2},"end":{"line":19,"column":3}},"loc":{"start":{"line":13,"column":2},"end":{"line":19,"column":3}},"line":13},"2":{"name":"getPlayerWithoutUpdate","decl":{"start":{"line":21,"column":2},"end":{"line":23,"column":3}},"loc":{"start":{"line":21,"column":2},"end":{"line":23,"column":3}},"line":21},"3":{"name":"getSecondPlayerWithoutUpdate","decl":{"start":{"line":26,"column":10},"end":{"line":30,"column":3}},"loc":{"start":{"line":26,"column":10},"end":{"line":30,"column":3}},"line":26}},"f":{"0":1,"1":1,"2":1,"3":0}}
,"/home/lluis/Projects/TrucoGame/server/src/utils/Queue.ts": {"path":"/home/lluis/Projects/TrucoGame/server/src/utils/Queue.ts","all":false,"statementMap":{"0":{"start":{"line":1,"column":0},"end":{"line":1,"column":50}},"1":{"start":{"line":2,"column":0},"end":{"line":2,"column":51}},"2":{"start":{"line":3,"column":0},"end":{"line":3,"column":0}},"3":{"start":{"line":4,"column":0},"end":{"line":4,"column":20}},"4":{"start":{"line":5,"column":0},"end":{"line":5,"column":29}},"5":{"start":{"line":6,"column":0},"end":{"line":6,"column":28}},"6":{"start":{"line":7,"column":0},"end":{"line":7,"column":57}},"7":{"start":{"line":8,"column":0},"end":{"line":8,"column":65}},"8":{"start":{"line":9,"column":0},"end":{"line":9,"column":27}},"9":{"start":{"line":10,"column":0},"end":{"line":10,"column":0}},"10":{"start":{"line":11,"column":0},"end":{"line":11,"column":84}},"11":{"start":{"line":12,"column":0},"end":{"line":12,"column":75}},"12":{"start":{"line":13,"column":0},"end":{"line":13,"column":0}},"13":{"start":{"line":14,"column":0},"end":{"line":14,"column":29}},"14":{"start":{"line":15,"column":0},"end":{"line":15,"column":0}},"15":{"start":{"line":16,"column":0},"end":{"line":16,"column":38}},"16":{"start":{"line":17,"column":0},"end":{"line":17,"column":50}},"17":{"start":{"line":18,"column":0},"end":{"line":18,"column":33}},"18":{"start":{"line":19,"column":0},"end":{"line":19,"column":14}},"19":{"start":{"line":20,"column":0},"end":{"line":20,"column":7}},"20":{"start":{"line":21,"column":0},"end":{"line":21,"column":0}},"21":{"start":{"line":22,"column":0},"end":{"line":22,"column":56}},"22":{"start":{"line":23,"column":0},"end":{"line":23,"column":30}},"23":{"start":{"line":24,"column":0},"end":{"line":24,"column":0}},"24":{"start":{"line":25,"column":0},"end":{"line":25,"column":9}},"25":{"start":{"line":26,"column":0},"end":{"line":26,"column":64}},"26":{"start":{"line":27,"column":0},"end":{"line":27,"column":89}},"27":{"start":{"line":28,"column":0},"end":{"line":28,"column":88}},"28":{"start":{"line":29,"column":0},"end":{"line":29,"column":79}},"29":{"start":{"line":30,"column":0},"end":{"line":30,"column":57}},"30":{"start":{"line":31,"column":0},"end":{"line":31,"column":9}},"31":{"start":{"line":32,"column":0},"end":{"line":32,"column":10}},"32":{"start":{"line":33,"column":0},"end":{"line":33,"column":35}},"33":{"start":{"line":34,"column":0},"end":{"line":34,"column":58}},"34":{"start":{"line":35,"column":0},"end":{"line":35,"column":9}},"35":{"start":{"line":36,"column":0},"end":{"line":36,"column":28}},"36":{"start":{"line":37,"column":0},"end":{"line":37,"column":14}},"37":{"start":{"line":38,"column":0},"end":{"line":38,"column":7}},"38":{"start":{"line":39,"column":0},"end":{"line":39,"column":0}},"39":{"start":{"line":40,"column":0},"end":{"line":40,"column":92}},"40":{"start":{"line":41,"column":0},"end":{"line":41,"column":37}},"41":{"start":{"line":42,"column":0},"end":{"line":42,"column":14}},"42":{"start":{"line":43,"column":0},"end":{"line":43,"column":7}},"43":{"start":{"line":44,"column":0},"end":{"line":44,"column":5}},"44":{"start":{"line":45,"column":0},"end":{"line":45,"column":3}},"45":{"start":{"line":46,"column":0},"end":{"line":46,"column":0}},"46":{"start":{"line":47,"column":0},"end":{"line":47,"column":15}},"47":{"start":{"line":48,"column":0},"end":{"line":48,"column":28}},"48":{"start":{"line":49,"column":0},"end":{"line":49,"column":16}},"49":{"start":{"line":50,"column":0},"end":{"line":50,"column":18}},"50":{"start":{"line":51,"column":0},"end":{"line":51,"column":5}},"51":{"start":{"line":52,"column":0},"end":{"line":52,"column":65}},"52":{"start":{"line":53,"column":0},"end":{"line":53,"column":35}},"53":{"start":{"line":54,"column":0},"end":{"line":54,"column":23}},"54":{"start":{"line":55,"column":0},"end":{"line":55,"column":5}},"55":{"start":{"line":56,"column":0},"end":{"line":56,"column":0}},"56":{"start":{"line":57,"column":0},"end":{"line":57,"column":27}},"57":{"start":{"line":58,"column":0},"end":{"line":58,"column":0}},"58":{"start":{"line":59,"column":0},"end":{"line":59,"column":23}},"59":{"start":{"line":60,"column":0},"end":{"line":60,"column":3}},"60":{"start":{"line":61,"column":0},"end":{"line":61,"column":0}},"61":{"start":{"line":62,"column":0},"end":{"line":62,"column":37}},"62":{"start":{"line":63,"column":0},"end":{"line":63,"column":52}},"63":{"start":{"line":64,"column":0},"end":{"line":64,"column":38}},"64":{"start":{"line":65,"column":0},"end":{"line":65,"column":21}},"65":{"start":{"line":66,"column":0},"end":{"line":66,"column":0}},"66":{"start":{"line":67,"column":0},"end":{"line":67,"column":51}},"67":{"start":{"line":68,"column":0},"end":{"line":68,"column":19}},"68":{"start":{"line":69,"column":0},"end":{"line":69,"column":22}},"69":{"start":{"line":70,"column":0},"end":{"line":70,"column":5}},"70":{"start":{"line":71,"column":0},"end":{"line":71,"column":0}},"71":{"start":{"line":72,"column":0},"end":{"line":72,"column":8}},"72":{"start":{"line":73,"column":0},"end":{"line":73,"column":38}},"73":{"start":{"line":74,"column":0},"end":{"line":74,"column":24}},"74":{"start":{"line":75,"column":0},"end":{"line":75,"column":7}},"75":{"start":{"line":76,"column":0},"end":{"line":76,"column":30}},"76":{"start":{"line":77,"column":0},"end":{"line":77,"column":17}},"77":{"start":{"line":78,"column":0},"end":{"line":78,"column":31}},"78":{"start":{"line":79,"column":0},"end":{"line":79,"column":0}},"79":{"start":{"line":80,"column":0},"end":{"line":80,"column":36}},"80":{"start":{"line":81,"column":0},"end":{"line":81,"column":14}},"81":{"start":{"line":82,"column":0},"end":{"line":82,"column":3}},"82":{"start":{"line":83,"column":0},"end":{"line":83,"column":0}},"83":{"start":{"line":84,"column":0},"end":{"line":84,"column":22}},"84":{"start":{"line":85,"column":0},"end":{"line":85,"column":46}},"85":{"start":{"line":86,"column":0},"end":{"line":86,"column":21}},"86":{"start":{"line":87,"column":0},"end":{"line":87,"column":22}},"87":{"start":{"line":88,"column":0},"end":{"line":88,"column":5}},"88":{"start":{"line":89,"column":0},"end":{"line":89,"column":28}},"89":{"start":{"line":90,"column":0},"end":{"line":90,"column":28}},"90":{"start":{"line":91,"column":0},"end":{"line":91,"column":18}},"91":{"start":{"line":92,"column":0},"end":{"line":92,"column":5}},"92":{"start":{"line":93,"column":0},"end":{"line":93,"column":37}},"93":{"start":{"line":94,"column":0},"end":{"line":94,"column":19}},"94":{"start":{"line":95,"column":0},"end":{"line":95,"column":35}},"95":{"start":{"line":96,"column":0},"end":{"line":96,"column":6}},"96":{"start":{"line":97,"column":0},"end":{"line":97,"column":35}},"97":{"start":{"line":98,"column":0},"end":{"line":98,"column":61}},"98":{"start":{"line":99,"column":0},"end":{"line":99,"column":41}},"99":{"start":{"line":100,"column":0},"end":{"line":100,"column":58}},"100":{"start":{"line":101,"column":0},"end":{"line":101,"column":7}},"101":{"start":{"line":102,"column":0},"end":{"line":102,"column":5}},"102":{"start":{"line":103,"column":0},"end":{"line":103,"column":60}},"103":{"start":{"line":104,"column":0},"end":{"line":104,"column":3}},"104":{"start":{"line":105,"column":0},"end":{"line":105,"column":0}},"105":{"start":{"line":106,"column":0},"end":{"line":106,"column":27}},"106":{"start":{"line":107,"column":0},"end":{"line":107,"column":21}},"107":{"start":{"line":108,"column":0},"end":{"line":108,"column":3}},"108":{"start":{"line":109,"column":0},"end":{"line":109,"column":0}},"109":{"start":{"line":110,"column":0},"end":{"line":110,"column":28}},"110":{"start":{"line":111,"column":0},"end":{"line":111,"column":22}},"111":{"start":{"line":112,"column":0},"end":{"line":112,"column":3}},"112":{"start":{"line":113,"column":0},"end":{"line":113,"column":0}},"113":{"start":{"line":114,"column":0},"end":{"line":114,"column":37}},"114":{"start":{"line":115,"column":0},"end":{"line":115,"column":21}},"115":{"start":{"line":116,"column":0},"end":{"line":116,"column":3}},"116":{"start":{"line":117,"column":0},"end":{"line":117,"column":0}},"117":{"start":{"line":118,"column":0},"end":{"line":118,"column":38}},"118":{"start":{"line":119,"column":0},"end":{"line":119,"column":22}},"119":{"start":{"line":120,"column":0},"end":{"line":120,"column":3}},"120":{"start":{"line":121,"column":0},"end":{"line":121,"column":1}}},"s":{"0":1,"1":1,"2":1,"3":1,"4":1,"5":1,"6":1,"7":2,"8":2,"9":2,"10":2,"11":2,"12":2,"13":2,"14":2,"15":2,"16":6,"17":6,"18":0,"19":0,"20":6,"21":6,"22":6,"23":6,"24":6,"25":6,"26":6,"27":6,"28":6,"29":6,"30":6,"31":6,"32":6,"33":6,"34":6,"35":2,"36":2,"37":2,"38":4,"39":4,"40":6,"41":0,"42":0,"43":6,"44":2,"45":1,"46":1,"47":2,"48":2,"49":0,"50":0,"51":2,"52":2,"53":0,"54":0,"55":2,"56":2,"57":2,"58":2,"59":2,"60":1,"61":1,"62":1,"63":0,"64":0,"65":0,"66":0,"67":0,"68":0,"69":0,"70":0,"71":0,"72":0,"73":0,"74":0,"75":0,"76":0,"77":0,"78":0,"79":0,"80":0,"81":0,"82":1,"83":1,"84":1,"85":0,"86":0,"87":0,"88":0,"89":0,"90":0,"91":0,"92":0,"93":0,"94":0,"95":0,"96":0,"97":0,"98":0,"99":0,"100":0,"101":0,"102":0,"103":0,"104":1,"105":1,"106":1,"107":1,"108":1,"109":1,"110":3,"111":3,"112":1,"113":1,"114":1,"115":1,"116":1,"117":1,"118":1,"119":1,"120":1},"branchMap":{"0":{"type":"branch","line":5,"loc":{"start":{"line":5,"column":10},"end":{"line":6,"column":14}},"locations":[{"start":{"line":5,"column":10},"end":{"line":6,"column":14}}]},"1":{"type":"branch","line":7,"loc":{"start":{"line":7,"column":2},"end":{"line":45,"column":3}},"locations":[{"start":{"line":7,"column":2},"end":{"line":45,"column":3}}]},"2":{"type":"branch","line":12,"loc":{"start":{"line":12,"column":50},"end":{"line":12,"column":53}},"locations":[{"start":{"line":12,"column":50},"end":{"line":12,"column":53}}]},"3":{"type":"branch","line":16,"loc":{"start":{"line":16,"column":37},"end":{"line":44,"column":5}},"locations":[{"start":{"line":16,"column":37},"end":{"line":44,"column":5}}]},"4":{"type":"branch","line":18,"loc":{"start":{"line":18,"column":32},"end":{"line":20,"column":7}},"locations":[{"start":{"line":18,"column":32},"end":{"line":20,"column":7}}]},"5":{"type":"branch","line":34,"loc":{"start":{"line":34,"column":33},"end":{"line":34,"column":57}},"locations":[{"start":{"line":34,"column":33},"end":{"line":34,"column":57}}]},"6":{"type":"branch","line":35,"loc":{"start":{"line":35,"column":8},"end":{"line":38,"column":7}},"locations":[{"start":{"line":35,"column":8},"end":{"line":38,"column":7}}]},"7":{"type":"branch","line":39,"loc":{"start":{"line":39,"column":-1},"end":{"line":41,"column":36}},"locations":[{"start":{"line":39,"column":-1},"end":{"line":41,"column":36}}]},"8":{"type":"branch","line":41,"loc":{"start":{"line":41,"column":36},"end":{"line":43,"column":7}},"locations":[{"start":{"line":41,"column":36},"end":{"line":43,"column":7}}]},"9":{"type":"branch","line":47,"loc":{"start":{"line":47,"column":2},"end":{"line":60,"column":3}},"locations":[{"start":{"line":47,"column":2},"end":{"line":60,"column":3}}]},"10":{"type":"branch","line":49,"loc":{"start":{"line":49,"column":15},"end":{"line":51,"column":5}},"locations":[{"start":{"line":49,"column":15},"end":{"line":51,"column":5}}]},"11":{"type":"branch","line":53,"loc":{"start":{"line":53,"column":34},"end":{"line":55,"column":5}},"locations":[{"start":{"line":53,"column":34},"end":{"line":55,"column":5}}]},"12":{"type":"branch","line":106,"loc":{"start":{"line":106,"column":12},"end":{"line":108,"column":3}},"locations":[{"start":{"line":106,"column":12},"end":{"line":108,"column":3}}]},"13":{"type":"branch","line":110,"loc":{"start":{"line":110,"column":12},"end":{"line":112,"column":3}},"locations":[{"start":{"line":110,"column":12},"end":{"line":112,"column":3}}]},"14":{"type":"branch","line":114,"loc":{"start":{"line":114,"column":12},"end":{"line":116,"column":3}},"locations":[{"start":{"line":114,"column":12},"end":{"line":116,"column":3}}]},"15":{"type":"branch","line":118,"loc":{"start":{"line":118,"column":12},"end":{"line":120,"column":3}},"locations":[{"start":{"line":118,"column":12},"end":{"line":120,"column":3}}]}},"b":{"0":[2],"1":[2],"2":[0],"3":[6],"4":[0],"5":[2],"6":[2],"7":[4],"8":[0],"9":[2],"10":[0],"11":[0],"12":[1],"13":[3],"14":[1],"15":[1]},"fnMap":{"0":{"name":"<instance_members_initializer>","decl":{"start":{"line":5,"column":10},"end":{"line":6,"column":14}},"loc":{"start":{"line":5,"column":10},"end":{"line":6,"column":14}},"line":5},"1":{"name":"Queue","decl":{"start":{"line":7,"column":2},"end":{"line":45,"column":3}},"loc":{"start":{"line":7,"column":2},"end":{"line":45,"column":3}},"line":7},"2":{"name":"getPlayer","decl":{"start":{"line":47,"column":2},"end":{"line":60,"column":3}},"loc":{"start":{"line":47,"column":2},"end":{"line":60,"column":3}},"line":47},"3":{"name":"getPlayerPositionInQueue","decl":{"start":{"line":63,"column":2},"end":{"line":82,"column":3}},"loc":{"start":{"line":63,"column":2},"end":{"line":82,"column":3}},"line":63},"4":{"name":"getFirstPlayerOrPlayerPosFromArrayOfPlayers","decl":{"start":{"line":85,"column":2},"end":{"line":104,"column":3}},"loc":{"start":{"line":85,"column":2},"end":{"line":104,"column":3}},"line":85},"5":{"name":"getLastNode","decl":{"start":{"line":106,"column":12},"end":{"line":108,"column":3}},"loc":{"start":{"line":106,"column":12},"end":{"line":108,"column":3}},"line":106},"6":{"name":"getFirstNode","decl":{"start":{"line":110,"column":12},"end":{"line":112,"column":3}},"loc":{"start":{"line":110,"column":12},"end":{"line":112,"column":3}},"line":110},"7":{"name":"setLastNode","decl":{"start":{"line":114,"column":12},"end":{"line":116,"column":3}},"loc":{"start":{"line":114,"column":12},"end":{"line":116,"column":3}},"line":114},"8":{"name":"setFirstNode","decl":{"start":{"line":118,"column":12},"end":{"line":120,"column":3}},"loc":{"start":{"line":118,"column":12},"end":{"line":120,"column":3}},"line":118}},"f":{"0":2,"1":2,"2":2,"3":0,"4":0,"5":1,"6":3,"7":1,"8":1}}
,"/home/lluis/Projects/TrucoGame/server/src/utils/functions.ts": {"path":"/home/lluis/Projects/TrucoGame/server/src/utils/functions.ts","all":false,"statementMap":{"0":{"start":{"line":1,"column":0},"end":{"line":1,"column":3}},"1":{"start":{"line":2,"column":0},"end":{"line":2,"column":48}},"2":{"start":{"line":3,"column":0},"end":{"line":3,"column":17}},"3":{"start":{"line":4,"column":0},"end":{"line":4,"column":24}},"4":{"start":{"line":5,"column":0},"end":{"line":5,"column":3}},"5":{"start":{"line":6,"column":0},"end":{"line":6,"column":47}},"6":{"start":{"line":7,"column":0},"end":{"line":7,"column":50}},"7":{"start":{"line":8,"column":0},"end":{"line":8,"column":1}}},"s":{"0":1,"1":1,"2":1,"3":1,"4":1,"5":29,"6":29,"7":29},"branchMap":{"0":{"type":"branch","line":6,"loc":{"start":{"line":6,"column":0},"end":{"line":8,"column":1}},"locations":[{"start":{"line":6,"column":0},"end":{"line":8,"column":1}}]}},"b":{"0":[29]},"fnMap":{"0":{"name":"randomInteger","decl":{"start":{"line":6,"column":0},"end":{"line":8,"column":1}},"loc":{"start":{"line":6,"column":0},"end":{"line":8,"column":1}},"line":6}},"f":{"0":29}}
,"/home/lluis/Projects/TrucoGame/server/src/utils/shuffleDeck.ts": {"path":"/home/lluis/Projects/TrucoGame/server/src/utils/shuffleDeck.ts","all":false,"statementMap":{"0":{"start":{"line":1,"column":0},"end":{"line":1,"column":41}},"1":{"start":{"line":2,"column":0},"end":{"line":2,"column":47}},"2":{"start":{"line":3,"column":0},"end":{"line":3,"column":0}},"3":{"start":{"line":4,"column":0},"end":{"line":4,"column":42}},"4":{"start":{"line":5,"column":0},"end":{"line":5,"column":42}},"5":{"start":{"line":6,"column":0},"end":{"line":6,"column":33}},"6":{"start":{"line":7,"column":0},"end":{"line":7,"column":45}},"7":{"start":{"line":8,"column":0},"end":{"line":8,"column":31}},"8":{"start":{"line":9,"column":0},"end":{"line":9,"column":94}},"9":{"start":{"line":10,"column":0},"end":{"line":10,"column":3}},"10":{"start":{"line":11,"column":0},"end":{"line":11,"column":22}},"11":{"start":{"line":12,"column":0},"end":{"line":12,"column":1}}},"s":{"0":1,"1":1,"2":1,"3":1,"4":1,"5":1,"6":1,"7":29,"8":29,"9":29,"10":1,"11":1},"branchMap":{"0":{"type":"branch","line":5,"loc":{"start":{"line":5,"column":0},"end":{"line":12,"column":1}},"locations":[{"start":{"line":5,"column":0},"end":{"line":12,"column":1}}]},"1":{"type":"branch","line":7,"loc":{"start":{"line":7,"column":44},"end":{"line":10,"column":3}},"locations":[{"start":{"line":7,"column":44},"end":{"line":10,"column":3}}]}},"b":{"0":[1],"1":[29]},"fnMap":{"0":{"name":"shuffleDeck","decl":{"start":{"line":5,"column":0},"end":{"line":12,"column":1}},"loc":{"start":{"line":5,"column":0},"end":{"line":12,"column":1}},"line":5}},"f":{"0":1}}
}
